réml ik	réml ik
filozófiá ja	filozófiá ja
hoG	hoG
viSoN ai ról	viSoN ai ról
Nom on	Nom on
követ het i	követ het i
meg te tt	meg te tt
kötet ben	kötet ben
műv ei ről	műv ei ről
sorozat	sorozat
gondolkod ás	gondolkod ás
gond oz ás á ban	gond oz ás á ban
képz és e	képz és e
kormáN rendelet	kormáN rendelet
jog i	jog i
Sak képz és é re	Sak képz és é re
alkalm az ás ok	alkalm az ás ok
alatt	alatt
eset ben	eset ben
Skript ek et	Skript ek et
meg közelít és	meg közelít és
jön	jön
klub ot	klub ot
végz ő k	végz ő k
segít i	segít i
kapColat ok	kapColat ok
ki alakít ás á t	ki alakít ás á t
fel	fel
túl mutat nak	túl mutat nak
amiLen ben	amiLen ben
érez zük	érez zük
leg kis ebb ek	leg kis ebb ek
név sor	név sor
kedv es ked ünk	kedv es ked ünk
játék os	játék os
2db	2db
ott	ott
eredméN	eredméN
méret e	méret e
foLamat os	foLamat os
verseN bizottság	verseN bizottság
fogad	fogad
vállal unk	vállal unk
kezd ve	kezd ve
seprű jé n	seprű jé n
hangulat ú	hangulat ú
mintha	mintha
áll t	áll t
rá	rá
ó	ó
reggel	reggel
tűn őd ött	tűn őd ött
furCa	furCa
réz pánt os	réz pánt os
kap tam	kap tam
lát tam	lát tam
féN é ben	féN é ben
adoN ba	adoN ba
öt	öt
boNhád hoz	boNhád hoz
hadifogL ok	hadifogL ok
év ei	év ei
level ez ő	level ez ő
Semlél tet és	Semlél tet és
rend Ser ez ett	rend Ser ez ett
1 9 5 4_ ben	1 9 5 4_ ben
tolna	tolna
közép iskolá k ban	közép iskolá k ban
munka kör t	munka kör t
lát ta	lát ta
néháN	néháN
köz élet ben	köz élet ben
araN diploma	araN diploma
halál a	halál a
hiS	hiS
alapul ó	alapul ó
cd_ n	cd_ n
zene ileg	zene ileg
heavy	heavy
holland	holland
büSké k	büSké k
wisseloort	wisseloort
le tt	le tt
font os	font os
vol tunk	vol tunk
el ér és é hez	el ér és é hez
deris_hez	deris_hez
mi k re	mi k re
klaSS	klaSS
érez tük	érez tük
meG ünk	meG ünk
uGanúG	uGanúG
kis ebb	kis ebb
be fér	be fér
ez zel	ez zel
dio	dio
metál	metál
Cinál ni	Cinál ni
tör őd ik	tör őd ik
no	no
ki Lukad ni	ki Lukad ni
célz ás sal	célz ás sal
húz hat nak	húz hat nak
zené nk	zené nk
uGanaz ok	uGanaz ok
dolg ok	dolg ok
gondol ok	gondol ok
öSSe ház as od tak	öSSe ház as od tak
visel jem	visel jem
le ttem	le ttem
alkalm am	alkalm am
ahonnan	ahonnan
év ek ben	év ek ben
eGSerű en	eGSerű en
soha	soha
mag am at	mag am at
Sét Sed ni	Sét Sed ni
eGség ek et	eGség ek et
uGanaz zal	uGanaz zal
Stori ra	Stori ra
hang ja	hang ja
beSél	beSél
foglalkoz ol	foglalkoz ol
leg font os abb	leg font os abb
él het ek	él het ek
hon lap já nak	hon lap já nak
ki veS em	ki veS em
eseméN ek et	eseméN ek et
indul tok	indul tok
maGar	maGar
tehetség es	tehetség es
tud nál	tud nál
át ad ni	át ad ni
öröm et	öröm et
meg hajol ni	meg hajol ni
fej ez zük	fej ez zük
Níl ik	Níl ik
tár ta	tár ta
kapu i t	kapu i t
emlék ei	emlék ei
élet é ben	élet é ben
kereStéN ség	kereStéN ség
felvétel é vel	felvétel é vel
tartoz ott	tartoz ott
Sám á ban	Sám á ban
jav ai ban	jav ai ban
mérték ben	mérték ben
Sázad	Sázad
Sül et és ű	Sül et és ű
köSön hető en	köSön hető en
kerül tek	kerül tek
alkot ás ai t	alkot ás ai t
GűjteméN	GűjteméN
üveg mű véS ek	üveg mű véS ek
aNag ból	aNag ból
tevékeNked ni	tevékeNked ni
vin ni	vin ni
orSág ban	orSág ban
Zolt	Zolt
Sabó	Sabó
attila	attila
által	által
mezőN ben	mezőN ben
terület i	terület i
baktérium ok	baktérium ok
terjed ő	terjed ő
fel ejt sd	fel ejt sd
salátá val	salátá val
fertő z és t	fertő z és t
só	só
pótl ás á ra	pótl ás á ra
keverék e	keverék e
hat ás ú	hat ás ú
antibiotikus	antibiotikus
usd	usd
Sám vitel i	Sám vitel i
ki alakít ás a	ki alakít ás a
öSSe állít ás a	öSSe állít ás a
varga	varga
oStáL os	oStáL os
cikk	cikk
réS é n	réS é n
koSorú	koSorú
stb	stb
nép viselet be	nép viselet be
must ból	must ból
év Sázad os	év Sázad os
mód Ser rel	mód Ser rel
meg őr i z ni	meg őr i z ni
baj ai t	baj ai t
gond os an	gond os an
haSnál ható	haSnál ható
tart	tart
kezel het i	kezel het i
ok oz hat	ok oz hat
reggel i	reggel i
fürd ő víz ben	fürd ő víz ben
láz	láz
depreSSió	depreSSió
haSnál ható _	haSnál ható _
bőr problémá k ra	bőr problémá k ra
bőr felület et	bőr felület et
problémá k	problémá k
bors mentá val	bors mentá val
foLamat á t	foLamat á t
kever jük	kever jük
inhalál junk	inhalál junk
fal tól _	fal tól _
vég ez ze _	vég ez ze _
villám ai	villám ai
hasít ották	hasít ották
eGedül	eGedül
nép től	nép től
fákLá t	fákLá t
támad t	támad t
le roG tak	le roG tak
áll unk	áll unk
hálá t	hálá t
mózes	mózes
köNv é ben	köNv é ben
nemzedék ek et	nemzedék ek et
aTá k	aTá k
jób	jób
oL	oL
haza fi ak nak	haza fi ak nak
Cügged tek	Cügged tek
öSSe Cap tak	öSSe Cap tak
eSmé jé t	eSmé jé t
meg jelen ít jük	meg jelen ít jük
mos sák	mos sák
Níl t an	Níl t an
indul janak	indul janak
ruhá k at	ruhá k at
bűn öd et	bűn öd et
meginté	meginté
őrz öd	őrz öd
GöNörű	GöNörű
Gőzelm é t	Gőzelm é t
bűn ös ség é nek	bűn ös ség é nek
nép e	nép e
sina i	sina i
Sabad	Sabad
köt ött	köt ött
dorgál ja	dorgál ja
nap ra	nap ra
ön áll ó ság á t	ön áll ó ság á t
év ezred ek	év ezred ek
agg	agg
Sív ek be	Sív ek be
le tel t	le tel t
börtön	börtön
ajta ja	ajta ja
fogL ok	fogL ok
hazá juk	hazá juk
marad t	marad t
el foglal va	el foglal va
fel ép ít sék	fel ép ít sék
hivatal á ba	hivatal á ba
lép jen	lép jen
keves et	keves et
huzakod ás	huzakod ás
Sellem é ben	Sellem é ben
áll na	áll na
rang ban	rang ban
meg előz né	meg előz né
meg foG ott	meg foG ott
bálváN ok at	bálváN ok at
Sív ünk ben	Sív ünk ben
fel Sentel tük	fel Sentel tük
hit nek	hit nek
Sórakoz ás i	Sórakoz ás i
talál janak	talál janak
ki elégít és t	ki elégít és t
hivatás unk	hivatás unk
keves en	keves en
utó kor	utó kor
Sűn jünk	Sűn jünk
jár junk	jár junk
ház á t	ház á t
Sáj á n	Sáj á n
akarat tal	akarat tal
báráN ok at	báráN ok at
fekS ik	fekS ik
le Gőz hetetlen	le Gőz hetetlen
tagozat os ai	tagozat os ai
iroda lom	iroda lom
kutató k kal	kutató k kal
támogat ás ok at	támogat ás ok at
tábor ra	tábor ra
kap nak	kap nak
iii _	iii _
féN kép ek en	féN kép ek en
kéS ít ett	kéS ít ett
önkormáNzat ok	önkormáNzat ok
érdek kép viselet ei	érdek kép viselet ei
veS nek	veS nek
ágazat köz i	ágazat köz i
tan áC	tan áC
mag unk ról	mag unk ról
beSél tek	beSél tek
élv ez hető nek	élv ez hető nek
hallomás ból	hallomás ból
fogalm am	fogalm am
meNNi t	meNNi t
be oSt ani	be oSt ani
áll ás ok	áll ás ok
stabil nak	stabil nak
partner ünk kel	partner ünk kel
krízis heLzet et	krízis heLzet et
foLtat ják	foLtat ják
polarizáció	polarizáció
alábbi ak ban	alábbi ak ban
típus pár ok	típus pár ok
fel áll ás	fel áll ás
érz i	érz i
bűn	bűn
kívánat os nak	kívánat os nak
pénz é t	pénz é t
árt atlan	árt atlan
üG es	üG es
pénz üG ek ben	pénz üG ek ben
őrület be	őrület be
eGmás t	eGmás t
ér véN es	ér véN es
tart ani	tart ani
áll ás pont ja	áll ás pont ja
gondol játok	gondol játok
koCi	koCi
nap i	nap i
men jek	men jek
rab ot	rab ot
méltatlan kod va	méltatlan kod va
mesél i	mesél i
ap ja	ap ja
kezd i	kezd i
el látogat	el látogat
vitatkoz nak	vitatkoz nak
hajt sak	hajt sak
ír	ír
Sázad ok	Sázad ok
domborul nak	domborul nak
fel rajzol ja	fel rajzol ja
sehonnai	sehonnai
találkoz ik	találkoz ik
sétál nak	sétál nak
éh es	éh es
fut ás ban	fut ás ban
puTin	puTin
usa	usa
működ ő	működ ő
gazdálkod ó	gazdálkod ó
segítség Nújt ás	segítség Nújt ás
adaptáció s	adaptáció s
kft _	kft _
indít juk	indít juk
tart anak	tart anak
állat nak	állat nak
keret é ben	keret é ben
füzet	füzet
nap já t	nap já t
teendő i ről	teendő i ről
1 9 9 4_ ben	1 9 9 4_ ben
tart ok	tart ok
viSSa tér nék	viSSa tér nék
teljesül és é hez	teljesül és é hez
verseN ben	verseN ben
érdem jeG ek	érdem jeG ek
buk ott	buk ott
állít ja	állít ja
érték rend Ser ünk	érték rend Ser ünk
terület ek en	terület ek en
jelen t	jelen t
kölCön ös en	kölCön ös en
igazol ják	igazol ják
Savatol ja	Savatol ja
Sét	Sét
ellen őrz és	ellen őrz és
eGség ek	eGség ek
naG ra	naG ra
Ner ő	Ner ő
cél lal	cél lal
gúN	gúN
pöffeSked ő	pöffeSked ő
veSít	veSít
harcol	harcol
élet em	élet em
skálá k at	skálá k at
tartomáN ban	tartomáN ban
meg lep et és	meg lep et és
meg ten ni	meg ten ni
hierarchia	hierarchia
el borul t	el borul t
néha	néha
ok os ság á t	ok os ság á t
Sereplő i t	Sereplő i t
fel ép ít eni	fel ép ít eni
SabáL rend Ser é t	SabáL rend Ser é t
pillanat ban	pillanat ban
vál hat ok	vál hat ok
mér ő mű Ser em	mér ő mű Ser em
tud hat om	tud hat om
legalábbis	legalábbis
jog os	jog os
iráN ok ba	iráN ok ba
vál ság ba	vál ság ba
jog os ság á ban	jog os ság á ban
filozófiá val	filozófiá val
zen	zen
Só	Só
ember nek	ember nek
ezr ek et	ezr ek et
ki derül ni	ki derül ni
Sellem ek	Sellem ek
térd re	térd re
meg lát va	meg lát va
többi ek től	többi ek től
Sent té	Sent té
eNNi t	eNNi t
oStáL ú	oStáL ú
cc	cc
cannondale	cannondale
wC	wC
f	f
váz ak	váz ak
kerék pár oz ás	kerék pár oz ás
tulajdon ság ok kal	tulajdon ság ok kal
öSSe kever ik	öSSe kever ik
pozíció ba	pozíció ba
állapot ba	állapot ba
hív juk	hív juk
határ érték et	határ érték et
mozg ás tól	mozg ás tól
elaStikus ság i	elaStikus ság i
minő ség ű	minő ség ű
víz Cöv ek hez	víz Cöv ek hez
határ érték nek	határ érték nek
lát ható an	lát ható an
hő kezel és i	hő kezel és i
ven nünk	ven nünk
kerék pár váz	kerék pár váz
ötvöz és nek	ötvöz és nek
függvéN é ben	függvéN é ben
irreális	irreális
ép ít ene	ép ít ene
kerék pár t	kerék pár t
rivális ok	rivális ok
1 1 _ én	1 1 _ én
beSéd e	beSéd e
fel hív ta	fel hív ta
réStvevő k	réStvevő k
növeked és é re	növeked és é re
Sín vonal at	Sín vonal at
intézméN i	intézméN i
alkalm as	alkalm as
köSöntő t	köSöntő t
végz ett	végz ett
mérnök i	mérnök i
avat ták	avat ták
Nilvános ság ra	Nilvános ság ra
áll ó	áll ó
fekv és ű	fekv és ű
oldal on	oldal on
park os ít ott	park os ít ott
eseméN ek	eseméN ek
iskolá k	iskolá k
emlék köNv ek	emlék köNv ek
kiadváN ok	kiadváN ok
prospektus ok	prospektus ok
Nit ottunk	Nit ottunk
vállalkoz ott	vállalkoz ott
vállalkoz unk	vállalkoz unk
kép ez i	kép ez i
közre működ ünk	közre működ ünk
igaz od ó an	igaz od ó an
program ja	program ja
heLnök ség e	heLnök ség e
október é től	október é től
képz és hez	képz és hez
hozzá járul ás	hozzá járul ás
köNv nek	köNv nek
komoL abb	komoL abb
eSköz tár	eSköz tár
mód ot	mód ot
kereskedő k	kereskedő k
áru t	áru t
alaCoN abb ak	alaCoN abb ak
konkurenciá t	konkurenciá t
keresked és ek	keresked és ek
tart hat nak	tart hat nak
kapCol ód ó an	kapCol ód ó an
teS ik	teS ik
kér ik	kér ik
tevékeN ség ük kel	tevékeN ség ük kel
Sállít ás á t	Sállít ás á t
h	h
0	0
ft _	ft _
digitális	digitális
terméSet é nél	terméSet é nél
demonstrál hat na	demonstrál hat na
játék ot	játék ot
be tart ani	be tart ani
el mond ani	el mond ani
mo_ on	mo_ on
változ ás	változ ás
le keNer ez ni	le keNer ez ni
bokr ot	bokr ot
adat ot	adat ot
váltakoz ó	váltakoz ó
olaj jal	olaj jal
Sór ja	Sór ja
közel é ben	közel é ben
madrid	madrid
órá k ban	órá k ban
mérföld re	mérföld re
spalker_4	spalker_4
ok ok	ok ok
erő k kel	erő k kel
tiStít ják	tiStít ják
november ben	november ben
Gors	Gors
sorozat os	sorozat os
hív ta	hív ta
föl	föl
ellenzék től	ellenzék től
hulladék	hulladék
le rak ás á nak	le rak ás á nak
létesítméN ek	létesítméN ek
Selektív	Selektív
eu	eu
leg végső	leg végső
meg előz és	meg előz és
lét es ít és é t	lét es ít és é t
preferál ja	preferál ja
Solgál ó	Solgál ó
bármeL	bármeL
dorog i	dorog i
ki vált ó	ki vált ó
Gártó k at	Gártó k at
fordít ás a	fordít ás a
hulladék ok ra	hulladék ok ra
ki dolg oz andó t	ki dolg oz andó t
említ i	említ i
hát tér SabáL oz ás	hát tér SabáL oz ás
jelent eni	jelent eni
technológiá k	technológiá k
veSéL forr ás ok	veSéL forr ás ok
rend Ser en	rend Ser en
meg Sűn ik	meg Sűn ik
heL e	heL e
jog SabáL ok ban	jog SabáL ok ban
törvéN ben	törvéN ben
való ság ban	való ság ban
működ hes sen	működ hes sen
rendelet	rendelet
kezd eni	kezd eni
korlátlan	korlátlan
mérték ű	mérték ű
viSSa Ner és	viSSa Ner és
el terjed t en	el terjed t en
króm ra	króm ra
affinitás uk	affinitás uk
máj ban	máj ban
akkumulál ód ik	akkumulál ód ik
hat ás ok ra	hat ás ok ra
niloticus	niloticus
eGed ei nek	eGed ei nek
meL ek be	meL ek be
Serv eik et	Serv eik et
kezel tek	kezel tek
Sövet ek	Sövet ek
jel e	jel e
el hull ás	el hull ás
jelen ség ként	jelen ség ként
pillanat Ni	pillanat Ni
Coda Ser nek	Coda Ser nek
veGület ek	veGület ek
állít ható	állít ható
alu mínium mal	alu mínium mal
Zugorod ás i	Zugorod ás i
bazicitás	bazicitás
komplex nek	komplex nek
koncentráció já t	koncentráció já t
meg köt őd és e	meg köt őd és e
ion ok	ion ok
pikkelezés	pikkelezés
Serkezet ek	Serkezet ek
alkalm as ak	alkalm as ak
kereSt köt és ek	kereSt köt és ek
adagol ás sal	adagol ás sal
al	al
vitel	vitel
fumársavval	fumársavval
meg állapít ható	meg állapít ható
le hető ség ek et	le hető ség ek et
biztos ít ani	biztos ít ani
utánCerzése	utánCerzése
kutat ó köz pont ok	kutat ó köz pont ok
foLtat nak	foLtat nak
Sárít ás á ra	Sárít ás á ra
öntöz és re	öntöz és re
tartalm az nak	tartalm az nak
réteg ű	réteg ű
be von va	be von va
polimer ből	polimer ből
hús ipar i	hús ipar i
ki Sámít hatatlan ok	ki Sámít hatatlan ok
fő paranCnok ot	fő paranCnok ot
ves sen	ves sen
áldozat	áldozat
falu s i	falu s i
abba haG ta	abba haG ta
meg ismer te	meg ismer te
férfi erő	férfi erő
vár ták	vár ták
be fut ott	be fut ott
Calád ot	Calád ot
talál ta	talál ta
vallá s os ság a	vallá s os ság a
meg talál ta	meg talál ta
utcá ban	utcá ban
étel re	étel re
visel te	visel te
sors á val	sors á val
hó nap ot	hó nap ot
leg kis ebb ik	leg kis ebb ik
másfél	másfél
fut nak	fut nak
Zír SegéN	Zír SegéN
marad jon	marad jon
kortizon	kortizon
körNezet	körNezet
kéS ül j	kéS ül j
Nom ás a	Nom ás a
ér het	ér het
kíván	kíván
Sint je	Sint je
gravitáció val	gravitáció val
fenn tart ania	fenn tart ania
függőleges	függőleges
vér oSlop ot	vér oSlop ot
Gors úS ás	Gors úS ás
ki marad ni	ki marad ni
Sem ed	Sem ed
tök élet es	tök élet es
izgalm as sá	izgalm as sá
mozg ás technika i	mozg ás technika i
táv ok	táv ok
táv	táv
hang súL t	hang súL t
fok oz ás á ra	fok oz ás á ra
tart sd	tart sd
elv é t	elv é t
Nár i	Nár i
uSodá ban	uSodá ban
eS ünk be	eS ünk be
le hajt anak	le hajt anak
állam igazgat ás i	állam igazgat ás i
engedéL ez és	engedéL ez és
meg állapít ott	meg állapít ott
hat ás kör ök et	hat ás kör ök et
üG ek ben	üG ek ben
ül és é t	ül és é t
bizottság á nak	bizottság á nak
képz és t	képz és t
te het	te het
ro	ro
veSt ett	veSt ett
stadion	stadion
iLen nek	iLen nek
paSS t	paSS t
Cel t	Cel t
jár na	jár na
fél vonal nál	fél vonal nál
bátor talan ság a	bátor talan ság a
labda rúg ás t	labda rúg ás t
futballistá nk nál	futballistá nk nál
támad ás t	támad ás t
elő ad ás ok kal	elő ad ás ok kal
móká t	móká t
telefon on	telefon on
ítél ve	ítél ve
500m	500m
bordázat	bordázat
háló	háló
tábla Sél es ség	tábla Sél es ség
mm_ enként	mm_ enként
háló n	háló n
oSt ás sáv	oSt ás sáv
c	c
méret ek	méret ek
Sorgalom mal	Sorgalom mal
béna	béna
fok oz ta	fok oz ta
kutat ó intézet	kutat ó intézet
érvel és sel	érvel és sel
ló ra	ló ra
óCag	óCag
marx	marx
ipar Serv ez és	ipar Serv ez és
frakció já nak	frakció já nak
el keserít ő nek	el keserít ő nek
jelöl	jelöl
ismer ő s ei	ismer ő s ei
tiStá ban	tiStá ban
ki merít i	ki merít i
süLLed ni _	süLLed ni _
korrupció val	korrupció val
át lát ható vá	át lát ható vá
fel lép ni	fel lép ni
demokratizál ód ás i	demokratizál ód ás i
meg indul ás a	meg indul ás a
karakán	karakán
2 0 0 2_ től	2 0 0 2_ től
beCül tem	beCül tem
tett ei nek	tett ei nek
meg Sok ott	meg Sok ott
frázis ok kal	frázis ok kal
menekült tábor t	menekült tábor t
katoná k	katoná k
el lát ás á ban	el lát ás á ban
Sórakoztat	Sórakoztat
politiká ban	politiká ban
véleméN t	véleméN t
ismer ek	ismer ek
mond anak	mond anak
mad	mad
biztos ít sunk	biztos ít sunk
kérd és ben	kérd és ben
te Gék	te Gék
meg talál ja	meg talál ja
meréNlet ről	meréNlet ről
el dönt ő	el dönt ő
ismer je	ismer je
mellé	mellé
köz véleméN kutató k	köz véleméN kutató k
jelz ett	jelz ett
vaG ok _	vaG ok _
fel friss ít eni	fel friss ít eni
leg hitel es ebb	leg hitel es ebb
bekkel ve	bekkel ve
göncz	göncz
emlék ez tet ik	emlék ez tet ik
elv ei vel	elv ei vel
le hengerl ő	le hengerl ő
politizál ás á t	politizál ás á t
régen	régen
jöj jön	jöj jön
ön re	ön re
gábor ok ra	gábor ok ra
információ val	információ val
telefon Sám a	telefon Sám a
jeG ű	jeG ű
Sám jeG ek	Sám jeG ek
uGanaz ok at	uGanaz ok at
Sám jeG	Sám jeG
át ad om	át ad om
kormáNzat i	kormáNzat i
hozzá kezd eni	hozzá kezd eni
határ á ra	határ á ra
jövedelem adó t	jövedelem adó t
nemzet gazda ság i	nemzet gazda ság i
fölött	fölött
vállalkozó t	vállalkozó t
üG ek et	üG ek et
az ok tól	az ok tól
oldal ak	oldal ak
jog tulajdon os	jog tulajdon os
fordul	fordul
íme	íme
állat i	állat i
Seret ik _	Seret ik _
Gors an	Gors an
ajánl anak	ajánl anak
ad hat unk	ad hat unk
en nél	en nél
aNag ok at	aNag ok at
Ner ni	Ner ni
étel ek et	étel ek et
vitamin ok	vitamin ok
vitamin os	vitamin os
táp ot	táp ot
Seret ik	Seret ik
ki olvad ni	ki olvad ni
táplál ó bb	táplál ó bb
neki fog hat unk	neki fog hat unk
előN ös ebb	előN ös ebb
rendelkez és é re	rendelkez és é re
tél	tél
le Gengül	le Gengül
Solárium Cöv ek	Solárium Cöv ek
civilizáció	civilizáció
kéNelm et	kéNelm et
minden nél	minden nél
léNeg lát ó	léNeg lát ó
el simít ották	el simít ották
ember i ek	ember i ek
jellem ek	jellem ek
Codá i t	Codá i t
voná s ai t	voná s ai t
interjú	interjú
meg oSt ották	meg oSt ották
meg vásárol ható k	meg vásárol ható k
Sállít ás sal	Sállít ás sal
be érkez és e	be érkez és e
reneSánS	reneSánS
eset nek	eset nek
ért ett	ért ett
bronz	bronz
meg küzd enie	meg küzd enie
meg tiStel nek	meg tiStel nek
munka keres és	munka keres és
SabáL t	SabáL t
reméN eink	reméN eink
meg mutat juk	meg mutat juk
kft	kft
bér é nek	bér é nek
állomáN on	állomáN on
Serelm es	Serelm es
bármi re	bármi re
beteg es	beteg es
találkoz tunk	találkoz tunk
ér je _	ér je _
meSSire	meSSire
te het tem	te het tem
remél ek	remél ek
üzen jen	üzen jen
kínálat unk ból	kínálat unk ból
Solárium	Solárium
alkalm az ás á val	alkalm az ás á val
telefon Sám on	telefon Sám on
haG ja	haG ja
köz érzet et	köz érzet et
Nugodt ság ot	Nugodt ság ot
relaxál ás hoz	relaxál ás hoz
Sorong ás	Sorong ás
Gullad ás ra	Gullad ás ra
horZol ás ok	horZol ás ok
híg ít atlan	híg ít atlan
impotencia	impotencia
bakteriális	bakteriális
elő ír t	elő ír t
sérül t	sérül t
foLadék ba	foLadék ba
le jeGz ett	le jeGz ett
somoG ig	somoG ig
haGomáN ai t	haGomáN ai t
Sint rend Ser ünk	Sint rend Ser ünk
junior	junior
ki vált ás a	ki vált ás a
kér jenek	kér jenek
regiStráció	regiStráció
jut hat nak	jut hat nak
ki vált ás	ki vált ás
meg hoSS abb ít ható	meg hoSS abb ít ható
öSSeg et	öSSeg et
diák igazolváN ra	diák igazolváN ra
társ ad nak	társ ad nak
mindez ek	mindez ek
rovat ba	rovat ba
forr ás ok	forr ás ok
rendelet e	rendelet e
gond os	gond os
át tekint ette	át tekint ette
rend Ser váltás hoz	rend Ser váltás hoz
önkormáNzat ok nak	önkormáNzat ok nak
működ és re	működ és re
működ ni	működ ni
hitel felvétel lel	hitel felvétel lel
teljes ség	teljes ség
Gerek _	Gerek _
értelm i	értelm i
végig gondol juk	végig gondol juk
át tekint i	át tekint i
hó nap ban	hó nap ban
fix	fix
Cerél ni	Cerél ni
kabát ot	kabát ot
meg javít tat ja	meg javít tat ja
eredméN eink kel	eredméN eink kel
fő város unk	fő város unk
elő teremt és e	elő teremt és e
fejleSt és ek et	fejleSt és ek et
problémá ra	problémá ra
dolg ok ra	dolg ok ra
tud jon	tud jon
lendül jenek	lendül jenek
be tolakod ó k	be tolakod ó k
felel ő s ek	felel ő s ek
kém ek	kém ek
heLettes ít i	heLettes ít i
fel bont ás t	fel bont ás t
végz i	végz i
föld i	föld i
cím ek	cím ek
teremt ő	teremt ő
kötelék ei t	kötelék ei t
kölCön kér i	kölCön kér i
Süle i	Süle i
év ei re	év ei re
be vall ani	be vall ani
SéGell né	SéGell né
Sáz	Sáz
meg Sök tem	meg Sök tem
foLosó nk at	foLosó nk at
várakoz ás	várakoz ás
sarok ban	sarok ban
ért ettem	ért ettem
munka ruhá ban	munka ruhá ban
al só nadrág ból	al só nadrág ból
fürd ő Sobá ban	fürd ő Sobá ban
Sorít otta	Sorít otta
pálca	pálca
áll tam	áll tam
büntet és t	büntet és t
el kezd te	el kezd te
Sakít ani	Sakít ani
bel eim ben	bel eim ben
tölt ve	tölt ve
ki tiStít ották	ki tiStít ották
el vég ez te	el vég ez te
ballon ból	ballon ból
ég et ett	ég et ett
Cíp ő	Cíp ő
dolg on	dolg on
büntet ő pad	büntet ő pad
darab	darab
ronG ot	ronG ot
ordít ani	ordít ani
Cap ás ok	Cap ás ok
fájdalom	fájdalom
veSSő k	veSSő k
izzad tam	izzad tam
lefelé	lefelé
túl SárNal ta	túl SárNal ta
Cal ód nom	Cal ód nom
kor om	kor om
kín ok	kín ok
úGSintén	úGSintén
feküd nöm	feküd nöm
zöld _ lila	zöld _ lila
boCánat ot	boCánat ot
kér ni	kér ni
keserv ei re	keserv ei re
toleráns	toleráns
konSolidál ás ba	konSolidál ás ba
naG ság á t	naG ság á t
december	december
stílus hoz	stílus hoz
illeSked ik	illeSked ik
ház	ház
fa árNalat ban	fa árNalat ban
munka üG i	munka üG i
véleméN ez és é t	véleméN ez és é t
unifem	unifem
nő k	nő k
önkéntes	önkéntes
ötvöz ni	ötvöz ni
program ok	program ok
munka aNag ok	munka aNag ok
néz ő pont ból	néz ő pont ból
Sem Sög é ből	Sem Sög é ből
eltérő en	eltérő en
feminista	feminista
világ ra	világ ra
tér ben	tér ben
hozzá járul ás á t	hozzá járul ás á t
meg határ oz ni	meg határ oz ni
világ á t	világ á t
az ok ról	az ok ról
kép i	kép i
öltöző vel	öltöző vel
kerül hes sen	kerül hes sen
nő ként	nő ként
aktivista	aktivista
Gerek kor á tól	Gerek kor á tól
idegen ben	idegen ben
tanul ni	tanul ni
fürdő je	fürdő je
uSoda	uSoda
fejleSt és ük re	fejleSt és ük re
fel vállal ni	fel vállal ni
tavaS á ra	tavaS á ra
réS é nek	réS é nek
űz ni	űz ni
tetSőleges en	tetSőleges en
instrukció i t	instrukció i t
keres tek	keres tek
tud játok	tud játok
hölG	hölG
tartalom ért	tartalom ért
tartalm az hat	tartalm az hat
jelleg ű	jelleg ű
fogad hat	fogad hat
hacker _ támad ás	hacker _ támad ás
eGesül t	eGesül t
témá ban	témá ban
jeGzet eik et	jeGzet eik et
gazda ság politika	gazda ság politika
ismer tet és e	ismer tet és e
k_h	k_h
üGlet ek et	üGlet ek et
réSlet ek kel	réSlet ek kel
le zár ás á t	le zár ás á t
___barátommal	___barátommal
reagál ni	reagál ni
ír ás á ban	ír ás á ban
Seretkez és t	Seretkez és t
tablettá k	tablettá k
réS feladat ok	réS feladat ok
partner eink nek	partner eink nek
képvisel ünk	képvisel ünk
Serel és i	Serel és i
tárG a	tárG a
réS ajánlat	réS ajánlat
pihen és	pihen és
dönt és ek et	dönt és ek et
réSlet	réSlet
munká já val	munká já val
vég ez ni	vég ez ni
igaz ság érzet é re	igaz ság érzet é re
próbál jon	próbál jon
munka társ a	munka társ a
hall ani	hall ani
irodá n	irodá n
meg talál ni	meg talál ni
végleg es	végleg es
meg eléged és é re	meg eléged és é re
le marad ás ai	le marad ás ai
kapColat ai	kapColat ai
segítség e	segítség e
tűn het	tűn het
keres sen	keres sen
réSlet é vel	réSlet é vel
Cökkent és ek	Cökkent és ek
ideg es	ideg es
iGekez zék	iGekez zék
fél ve	fél ve
test vér ek et	test vér ek et
viselked tek	viselked tek
Seret ték	Seret ték
ír ás á n	ír ás á n
fel hív ja	fel hív ja
harag otok	harag otok
fordul ás t	fordul ás t
vonz ód nak	vonz ód nak
fel merül	fel merül
prédikáció k kal	prédikáció k kal
fül lel	fül lel
Serv ei nek	Serv ei nek
bpd	bpd
zoloft	zoloft
öSSe függ és e	öSSe függ és e
hó nap ok ig	hó nap ok ig
depreSSió val	depreSSió val
pánik beteg ség gel	pánik beteg ség gel
képlet ei	képlet ei
techniká t	techniká t
el ut as ít ás a	el ut as ít ás a
értelm ez és	értelm ez és
Sükséglet ei	Sükséglet ei
ki elégít és é nek	ki elégít és é nek
kötelék ek ből	kötelék ek ből
trauma	trauma
felől	felől
javasol ja	javasol ja
érv	érv
árt hat nak	árt hat nak
jelen nel	jelen nel
érz és eik	érz és eik
kezel és i	kezel és i
fel ép ül és	fel ép ül és
el vezet het i	el vezet het i
terapeutá val	terapeutá val
kapColat on	kapColat on
ítélet ek	ítélet ek
vállalkoz ás ok at	vállalkoz ás ok at
teljesül nek	teljesül nek
ár ak	ár ak
problémá hoz	problémá hoz
rend Ser ek ből	rend Ser ek ből
automatikus	automatikus
piac on	piac on
Níl t	Níl t
üzem biztonság á t	üzem biztonság á t
9 5 __ nál	9 5 __ nál
alkalm az ás uk kal	alkalm az ás uk kal
rend Ser ek et	rend Ser ek et
üzem	üzem
Sem pont	Sem pont
optika ilag	optika ilag
gondolkod ás ú	gondolkod ás ú
párt tag ok	párt tag ok
ki állít ás ok nak	ki állít ás ok nak
őS	őS
meteorológia ilag	meteorológia ilag
fél év et	fél év et
Ganú s ít gat ás ok	Ganú s ít gat ás ok
gátl ás talan ság a	gátl ás talan ság a
ront ja	ront ja
preStíZ ünk et	preStíZ ünk et
financiál	financiál
tim es	tim es
vitá ja	vitá ja
milliárd ot	milliárd ot
egéS ség üG nek	egéS ség üG nek
trükk ök kel	trükk ök kel
ingatlan ai t	ingatlan ai t
meg hat ód ni	meg hat ód ni
feNeget és ei n	feNeget és ei n
pénz ek re	pénz ek re
Servező k	Servező k
tud ható	tud ható
stílus	stílus
küld és e	küld és e
meg ítél ni	meg ítél ni
SáS	SáS
polt	polt
üGéS	üGéS
ezüst nél	ezüst nél
tan áC adó ja ként	tan áC adó ja ként
pénz mos ás	pénz mos ás
kreml	kreml
meg bíz ás á ból	meg bíz ás á ból
ismeret ei ről	ismeret ei ről
viZgál ód ott	viZgál ód ott
fel te hető en	fel te hető en
per	per
Gilkol ó	Gilkol ó
pont é t	pont é t
vádol t	vádol t
hibá k at	hibá k at
Gáros ok	Gáros ok
importál t	importál t
amiLen	amiLen
ment ette	ment ette
dolgozó i nak	dolgozó i nak
Gár á ba	Gár á ba
gond ja	gond ja
törvéN hozó k	törvéN hozó k
k _	k _
orSág ok kal	orSág ok kal
Gök er es en	Gök er es en
ép ít enek	ép ít enek
föld et	föld et
víz é vel	víz é vel
árpa	árpa
Gapot ot	Gapot ot
kurd	kurd
Cökkent és é t	Cökkent és é t
piStáciá t	piStáciá t
gát ép ít és ek	gát ép ít és ek
víz _	víz _
víz hiáN	víz hiáN
meg eG ez és t	meg eG ez és t
angol ok kal	angol ok kal
török ök nek	török ök nek
meg Sáll t	meg Sáll t
jaguár	jaguár
Sín pad on	Sín pad on
alap hangulat ot	alap hangulat ot
ki kiált ó	ki kiált ó
mellett e	mellett e
aStal a	aStal a
köSönt i	köSönt i
eG millió	eG millió
érdekl i	érdekl i
vétel i	vétel i
vállal ják	vállal ják
üt és ek	üt és ek
angol ul	angol ul
bor kóstoló ért	bor kóstoló ért
gonoS	gonoS
aki ből	aki ből
aNa tigris	aNa tigris
diák láN	diák láN
rohan	rohan
ki tör	ki tör
hét köz nap i ak	hét köz nap i ak
néz nek	néz nek
Calád dal	Calád dal
Gerek ek hez	Gerek ek hez
ugrál hat tak	ugrál hat tak
nev ük	nev ük
el Sáll	el Sáll
CaCog	CaCog
mesél te	mesél te
történt ek et	történt ek et
mér ik	mér ik
kudarc ok	kudarc ok
lelk e	lelk e
ovi	ovi
sugárzó k	sugárzó k
élet Serű	élet Serű
hang sugárzó k	hang sugárzó k
közelít jük	közelít jük
le ír t ak ból	le ír t ak ból
sugárz unk	sugárz unk
hang hullám hoz	hang hullám hoz
hullám ot	hullám ot
közeg gel	közeg gel
köz nap i an	köz nap i an
meg jelen ít és	meg jelen ít és
átmérő jé nél	átmérő jé nél
kis ebb ek	kis ebb ek
levegő beli	levegő beli
viSSa ver őd és	viSSa ver őd és
határ forgalom mal	határ forgalom mal
cím en	cím en
ki vág ott	ki vág ott
bátor ít ó	bátor ít ó
leg finom abb	leg finom abb
alv ás	alv ás
mag am ban	mag am ban
el olvas hat ja	el olvas hat ja
keres het	keres het
regiStrál ta	regiStrál ta
be ír va	be ír va
gát ak at	gát ak at
lép ő	lép ő
forint tal	forint tal
Sem pont ok	Sem pont ok
tárol juk	tárol juk
példá ban	példá ban
sugárz ott	sugárz ott
következ het	következ het
kmkmx_ki	kmkmx_ki
áraml ik	áraml ik
Sorít ó Conk os	Sorít ó Conk os
le Serel és e	le Serel és e
némiképp	némiképp
töreked tek	töreked tek
világ uk	világ uk
rend jé re	rend jé re
felület ű	felület ű
tüz es	tüz es
ír ó i	ír ó i
tudat os an	tudat os an
ki tüntet és	ki tüntet és
művéSet től	művéSet től
ír jon	ír jon
kap ás ból	kap ás ból
kínál	kínál
sor os	sor os
férfi Capat é	férfi Capat é
láb atok	láb atok
kéN Ser ből	kéN Ser ből
előN meg játS ás t	előN meg játS ás t
nap ok kal	nap ok kal
viSSa es és	viSSa es és
sajnálat os	sajnálat os
makk term és	makk term és
jár tak	jár tak
gazdá k nak	gazdá k nak
fel új ít ani	fel új ít ani
fejleSt és t	fejleSt és t
program oz ás ban	program oz ás ban
zöm	zöm
támogas sák	támogas sák
kör e	kör e
vidék i	vidék i
vidék fejleSt és	vidék fejleSt és
érz ő	érz ő
agrár program ot	agrár program ot
tervezet et	tervezet et
heLzet é nek	heLzet é nek
ismer tet te	ismer tet te
maGar _ francia	maGar _ francia
CehorSág ba	CehorSág ba
reklám oz ó	reklám oz ó
fel hangz ik	fel hangz ik
bér lak ás ok	bér lak ás ok
ház ak	ház ak
Sáll	Sáll
lak ás ba	lak ás ba
reméN telen nek	reméN telen nek
hitel t	hitel t
kap va	kap va
marad hat unk	marad hat unk
meg kap tuk	meg kap tuk
spórol ni	spórol ni
teljesül	teljesül
be Serz és é n	be Serz és é n
union	union
élet biztos ít ás i	élet biztos ít ás i
Calád on	Calád on
igéN ei nek	igéN ei nek
meg ismer t	meg ismer t
20 __ kal	20 __ kal
kategóriá ban	kategóriá ban
ki Sámol juk	ki Sámol juk
pakol junk	pakol junk
meg old ás á ban	meg old ás á ban
hálózat ban	hálózat ban
ép ít ő aNag ot	ép ít ő aNag ot
bérlő i nek	bérlő i nek
SomSéd ság a	SomSéd ság a
előN t	előN t
élv ez ik	élv ez ik
bérlő i	bérlő i
kör út i	kör út i
rekonstrukció	rekonstrukció
termék é t	termék é t
támogat ni	támogat ni
Sállít va	Sállít va
iroda terület ek	iroda terület ek
alap elv ei	alap elv ei
be foL t	be foL t
be mutat has suk	be mutat has suk
tanuólk	tanuólk
webbiz	webbiz
át fúr ják	át fúr ják
mond ok	mond ok
eső	eső
ösvéN	ösvéN
el veSt i	el veSt i
Sín é t	Sín é t
ki lép ek	ki lép ek
vers et	vers et
zaj	zaj
el merül	el merül
mindeGik et _	mindeGik et _
boldog _	boldog _
talál om	talál om
eső _	eső _
Germek ek kel	Germek ek kel
virraSt ok	virraSt ok
le tép ni	le tép ni
ég en	ég en
fej é t _	fej é t _
hoz _	hoz _
feküS nek	feküS nek
sugar ak	sugar ak
mer ném	mer ném
ugrál nak	ugrál nak
áG am ban _	áG am ban _
tükr é n	tükr é n
Zibbad ni	Zibbad ni
kezd _	kezd _
sír köv ek ig	sír köv ek ig
teNer em et	teNer em et
éSak nak	éSak nak
sapká já t	sapká já t
béka _	béka _
vonz ás körzet e	vonz ás körzet e
köz igazgat ás i	köz igazgat ás i
modul ja	modul ja
Solgál tat ás ai t	Solgál tat ás ai t
konferenciá t	konferenciá t
tárGal janak	tárGal janak
öSSe hív ás á t	öSSe hív ás á t
vált ás sal	vált ás sal
tovább képz és i	tovább képz és i
formá k at	formá k at
tárG kör ben	tárG kör ben
téma kör ök	téma kör ök
üG kör	üG kör
rendezvéN ről	rendezvéN ről
eGütt működ jenek	eGütt működ jenek
kapColat ok at	kapColat ok at
lét es ít senek	lét es ít senek
ki Nilvánít ották	ki Nilvánít ották
való s ít anak	való s ít anak
Servezet ileg	Servezet ileg
ki jelöl t	ki jelöl t
másként	másként
fi ai	fi ai
vállalkoz ik	vállalkoz ik
fá n	fá n
teremt és	teremt és
munká já ból	munká já ból
ismer t té	ismer t té
köLök idő	köLök idő
lás suk	lás suk
September i	September i
Serb	Serb
fickó	fickó
zene kar ban	zene kar ban
el ront ottam	el ront ottam
izgul ás	izgul ás
példa kép	példa kép
rolling	rolling
mozg ás ban	mozg ás ban
Sáll tam	Sáll tam
erő s en	erő s en
viSSa tér ve	viSSa tér ve
példa kép em	példa kép em
Sám mal	Sám mal
pici t	pici t
kívánCi	kívánCi
kazettá t	kazettá t
fej em ben	fej em ben
zene kar ral	zene kar ral
foLtat tam	foLtat tam
öSSe hoz tam	öSSe hoz tam
foglalkoz tál	foglalkoz tál
gazdag abb	gazdag abb
rendéS	rendéS
gaskó	gaskó
baláZ	baláZ
meg tűr t	meg tűr t
kis Gerek et	kis Gerek et
ciki	ciki
Sólít ottak	Sólít ottak
koCmáros on	koCmáros on
ismert ség	ismert ség
bese	bese
multinacionális	multinacionális
bandá ban	bandá ban
játS ana	játS ana
zavar os abb	zavar os abb
kísér te	kísér te
jelen ük	jelen ük
két Ser es é re	két Ser es é re
tag ság unk	tag ság unk
viSSa viS em	viSSa viS em
járat os	járat os
áldozat a	áldozat a
jelentkez ni	jelentkez ni
bir_ön	bir_ön
hat hat	hat hat
be avatkoz ás	be avatkoz ás
bábu	bábu
rang os abb	rang os abb
köz forgalm ú	köz forgalm ú
hozatal i	hozatal i
forgalm az ni	forgalm az ni
közeg e	közeg e
véN ek	véN ek
fog alom	fog alom
kör é t	kör é t
termék kör	termék kör
derű vel	derű vel
ámbár	ámbár
mutogat ta	mutogat ta
költéSet ünk	költéSet ünk
Sármaz ott	Sármaz ott
1 9 4 5_ nél	1 9 4 5_ nél
felsőoktatás nak	felsőoktatás nak
három _ néG	három _ néG
indít ottak	indít ottak
ütem ei t	ütem ei t
fel friss ül ő	fel friss ül ő
kórus á ba	kórus á ba
juháS	juháS
köz ös ség tudat ban	köz ös ség tudat ban
1 9 4 9_ ben	1 9 4 9_ ben
azonosul hat ott	azonosul hat ott
kötet ei ben	kötet ei ben
kedéL világ á nak	kedéL világ á nak
kapCol ód ik	kapCol ód ik
kereSt hez	kereSt hez
tettrekéSség	tettrekéSség
rak nak	rak nak
én ség é t	én ség é t
aStrológia i	aStrológia i
ember e	ember e
abba haG ni	abba haG ni
ellenSenv es	ellenSenv es
barát ság	barát ság
véSéL	véSéL
halál os	halál os
verseNz és t	verseNz és t
oLasmi t	oLasmi t
term ett	term ett
él ik	él ik
különös ebb	különös ebb
Gilk os ság ot	Gilk os ság ot
olvas ni	olvas ni
követ és é t	követ és é t
nev ez i	nev ez i
le mos sa	le mos sa
Sellem ű	Sellem ű
házastárs	házastárs
férfi ak at	férfi ak at
fel él	fel él
öt Cillag os	öt Cillag os
január tól	január tól
kemping ben	kemping ben
regiStrál tak	regiStrál tak
németorSág ból	németorSág ból
Slovákiá ból	Slovákiá ból
meg tilt otta	meg tilt otta
lak ó köz ös ség	lak ó köz ös ség
lak os ok	lak os ok
boCát otta	boCát otta
rajt ot	rajt ot
le bont ani	le bont ani
henger rel	henger rel
el haG tuk	el haG tuk
öröm é re	öröm é re
tol ni	tol ni
biztat ják	biztat ják
idő hátráNN al	idő hátráNN al
pont ot	pont ot
Sámol ni	Sámol ni
réStvevő i	réStvevő i
hivatal a	hivatal a
dől	dől
lomb os	lomb os
mozgat hat ják	mozgat hat ják
izm aik at	izm aik at
díj ak at	díj ak at
réS vétel ért	réS vétel ért
miSerint	miSerint
alap fel tev és em	alap fel tev és em
általános ít ás sal	általános ít ás sal
homogén ek	homogén ek
aNag ok ból	aNag ok ból
utal tam	utal tam
javít son	javít son
mond om	mond om
teremt ve	teremt ve
fordul nia	fordul nia
Túk	Túk
én kép ünk	én kép ünk
vallá s os nak	vallá s os nak
ember Sag ú	ember Sag ú
be jelent enék	be jelent enék
kezel és nél	kezel és nél
pont határ ok	pont határ ok
lap juk on	lap juk on
tanul tunk	tanul tunk
állít ott	állít ott
kommunikáció _ maGar	kommunikáció _ maGar
kommunikáció s	kommunikáció s
ellen érz és t	ellen érz és t
felvételiző k	felvételiző k
segít sen	segít sen
instrukció k at	instrukció k at
miStiká já val	miStiká já val
pál né	pál né
málév	málév
hír Semle	hír Semle
lopakod ó	lopakod ó
öt öd e	öt öd e
naG ság rend ek et	naG ság rend ek et
vállalkoz ás i	vállalkoz ás i
köz Solgál tat ás ok	köz Solgál tat ás ok
üGelet	üGelet
euró val	euró val
otp	otp
hozam ok	hozam ok
papír ok on	papír ok on
korSerű sít és ek	korSerű sít és ek
ár viz ek	ár viz ek
köz	köz
forr ás sal	forr ás sal
hír öSSe foglal ó	hír öSSe foglal ó
határol ód jon	határol ód jon
reagál ás a	reagál ás a
vér Soci	vér Soci
impreSSum	impreSSum
dráma	dráma
olvasmáN	olvasmáN
hő s e	hő s e
SenvedéL e	SenvedéL e
hő s ök	hő s ök
meg int _	meg int _
old ód ik	old ód ik
pátoSS al	pátoSS al
hét fő i	hét fő i
tanáCkoz ás on	tanáCkoz ás on
Sentel	Sentel
Svp	Svp
hibá k	hibá k
ok irat	ok irat
aggaSt ó	aggaSt ó
páLázat ok é val	páLázat ok é val
meg páLá z ni	meg páLá z ni
km_ re	km_ re
vár ak	vár ak
öSS kép é nek	öSS kép é nek
tiSa _ tó	tiSa _ tó
költ endő	költ endő
fel új ít ás á ra	fel új ít ás á ra
ír hat nak	ír hat nak
úGsem	úGsem
hozzá Sól ás ok ért	hozzá Sól ás ok ért
ragaS kod ó k	ragaS kod ó k
pace	pace
tónus ai t	tónus ai t
ellenz i	ellenz i
erkéL eik re	erkéL eik re
világ hálózat ok	világ hálózat ok
cnn	cnn
fórum ról	fórum ról
illegális an	illegális an
sergio	sergio
tiltakoz tak	tiltakoz tak
ki rúg ás á t	ki rúg ás á t
elemző k	elemző k
öSSe fog na	öSSe fog na
öSSe fog ás á nak	öSSe fog ás á nak
elv ben	elv ben
áll ás ba	áll ás ba
kampáN hoz	kampáN hoz
eSközöl tek	eSközöl tek
fiGelm ünk be	fiGelm ünk be
Sent ség é nek	Sent ség é nek
küld ött	küld ött
mérsékl és t	mérsékl és t
ír ás ok	ír ás ok
SemelvéN ek	SemelvéN ek
öSSe függ és be	öSSe függ és be
múlt já val	múlt já val
eGház zene i	eGház zene i
doktor i	doktor i
intézméN ek ben	intézméN ek ben
dolgozat ban	dolgozat ban
regiStráció t	regiStráció t
irodá ink	irodá ink
hirdet ni	hirdet ni
ki tölt ött	ki tölt ött
b_m_b	b_m_b
bt _	bt _
pozitúrá val	pozitúrá val
ígéret es	ígéret es
kulC os	kulC os
kalap ból	kalap ból
Sín ház ba	Sín ház ba
jel mez	jel mez
akar tak	akar tak
Semle	Semle
tud ó s ít anak	tud ó s ít anak
ki ad ja	ki ad ja
Sekció ja	Sekció ja
halad hat ja	halad hat ja
stratégia	stratégia
alatt i	alatt i
réSleg es	réSleg es
adminiStratív	adminiStratív
Servezet ek et	Servezet ek et
ecu	ecu
fordít ód ik	fordít ód ik
ki dolg oz ás a	ki dolg oz ás a
gazda ság ilag	gazda ság ilag
fenn tart ható	fenn tart ható
structural	structural
gép park kal	gép park kal
iráN á ban	iráN á ban
konfekció	konfekció
út juk	út juk
moCar ak ban	moCar ak ban
tömeg es en	tömeg es en
Zír Sövet ben	Zír Sövet ben
sikoltoz ik	sikoltoz ik
időnként	időnként
töredelm es en	töredelm es en
tiStá ba	tiStá ba
meg sért ett	meg sért ett
példa jelenet ből	példa jelenet ből
harag já t	harag já t
vált ja	vált ja
ugat ás sal	ugat ás sal
fej ez	fej ez
teljesül t	teljesül t
tanulság ot	tanulság ot
viZgál gat tam	viZgál gat tam
barát aim mal	barát aim mal
leg ritká bb	leg ritká bb
vict	vict
nev ed	nev ed
illeSt jük	illeSt jük
nat	nat
boldog abb	boldog abb
rend ez ték	rend ez ték
diplomata Süret et	diplomata Süret et
bársoN	bársoN
kis vonat tal	kis vonat tal
foG ott	foG ott
sajtó tájékoztató n	sajtó tájékoztató n
indít ják	indít ják
meg új ul ás á t	meg új ul ás á t
látváN á ban	látváN á ban
felül múl va	felül múl va
az ok ból	az ok ból
gutorfölde	gutorfölde
kör ei nek	kör ei nek
mutat ott	mutat ott
bak	bak
jelent és ek	jelent és ek
rovat ban	rovat ban
fogvatartott ak	fogvatartott ak
jog hallgató k ból	jog hallgató k ból
Sociológus ok ból	Sociológus ok ból
tag jai val	tag jai val
börtön viSoN ok	börtön viSoN ok
kiadváNN al	kiadváNN al
Sámít juk	Sámít juk
Comag ot	Comag ot
integráció ban	integráció ban
tér ség ben	tér ség ben
város unk	város unk
íz ű	íz ű
alkot ás ok kal	alkot ás ok kal
ipar os ság	ipar os ság
Capó k é	Capó k é
év Sázad ban	év Sázad ban
privatizáció	privatizáció
Semlél nünk	Semlél nünk
tipizál ás á t	tipizál ás á t
elem ek et	elem ek et
Serv ei	Serv ei
be ruhá z ás a	be ruhá z ás a
keret ek	keret ek
rendelő t	rendelő t
Solgál tat ás i t	Solgál tat ás i t
kerület ben	kerület ben
látnivaló val	látnivaló val
hűvös ebb	hűvös ebb
fel fedez zük	fel fedez zük
látnivaló k ra	látnivaló k ra
maCka köv es	maCka köv es
balassa	balassa
SegéL ez nek	SegéL ez nek
baziliká tól	baziliká tól
kellem es en	kellem es en
be tér het ünk	be tér het ünk
olCó bb ak	olCó bb ak
tér het ünk	tér het ünk
látnivaló i t	látnivaló i t
Sállodá ja	Sállodá ja
román ok	román ok
el külön ít ett	el külön ít ett
tétel ek	tétel ek
x ii _	x ii _
öSSeg be	öSSeg be
ki kapCol ód hat	ki kapCol ód hat
eGik et	eGik et
fele ség ül	fele ség ül
ház hoz	ház hoz
meg köSön te	meg köSön te
Nír fa	Nír fa
vásár ba	vásár ba
ki enged i	ki enged i
magán Sám	magán Sám
kéS ít ő	kéS ít ő
fel függeSt és é t	fel függeSt és é t
Serz őd és ben	Serz őd és ben
televízió tól	televízió tól
Lnn	Lnn
démon ok kal	démon ok kal
gonoS nak	gonoS nak
barlang ok ban	barlang ok ban
CúC á n	CúC á n
találkoz hat unk	találkoz hat unk
rá Sán ja	rá Sán ja
trefort	trefort
meg tud unk	meg tud unk
le rág ott	le rág ott
jellem ez né	jellem ez né
pörög jetek	pörög jetek
tár tak	tár tak
SabáL sért és ek	SabáL sért és ek
mér és i	mér és i
üzlet ek ben	üzlet ek ben
köz oktat ás t	köz oktat ás t
voodoo	voodoo
ki fog ás talan ok	ki fog ás talan ok
ki alakít ás á hoz	ki alakít ás á hoz
féN ez és ük	féN ez és ük
fel keres sék	fel keres sék
benzin motor os	benzin motor os
jelz és t	jelz és t
üt ő kárTá val	üt ő kárTá val
Sív e	Sív e
parabolika	parabolika
ülő k et	ülő k et
Silárd ság ú	Silárd ság ú
kormáNz ás	kormáNz ás
eG ez és ek nek	eG ez és ek nek
jelz és ű	jelz és ű
2 0 6_ os nál	2 0 6_ os nál
motor hoz	motor hoz
selespeed	selespeed
kormáN ról	kormáN ról
fokozat ai	fokozat ai
kerül ő	kerül ő
be ül és	be ül és
fel lép ő	fel lép ő
billen t	billen t
pattog jak	pattog jak
ív ről	ív ről
sodr ód tunk	sodr ód tunk
dízel től	dízel től
próbál ó	próbál ó
át gondol ni	át gondol ni
utal	utal
meg ráz ta	meg ráz ta
törvéN hoz ás	törvéN hoz ás
rögzít ett	rögzít ett
lak os ság ra	lak os ság ra
rendel tet és e	rendel tet és e
előzméN ei	előzméN ei
Sak iroda lom ban	Sak iroda lom ban
fogalm ak	fogalm ak
ki ve hető	ki ve hető
erő Sak ra	erő Sak ra
kéz i	kéz i
támad ás nak	támad ás nak
eSköz ei nek	eSköz ei nek
kor ok	kor ok
struktúrá ban	struktúrá ban
réS ük re	réS ük re
fel ép ít és	fel ép ít és
fel kéS ít ett	fel kéS ít ett
november é ben	november é ben
semtex	semtex
terror támad ás i	terror támad ás i
jeG ez ni	jeG ez ni
be vet és é re	be vet és é re
be von ás á val	be von ás á val
ki képz ett	ki képz ett
bíz ta	bíz ta
alakulat ok kal	alakulat ok kal
be vet hető k	be vet hető k
magán véleméN em et	magán véleméN em et
bázis ai	bázis ai
Sél es ebb	Sél es ebb
SabotáZ	SabotáZ
erő i nek	erő i nek
felépítméN é nek	felépítméN é nek
veSéLeztet i	veSéLeztet i
kongreSSus	kongreSSus
fel lép jenek	fel lép jenek
Sövet ség nek	Sövet ség nek
vonatkoz nak	vonatkoz nak
rendelkez niük	rendelkez niük
cél pont já t	cél pont já t
alakulat ai nál	alakulat ai nál
forr ó ság ban	forr ó ság ban
hideg ben	hideg ben
ki képz és e	ki képz és e
naG hatalm ak	naG hatalm ak
olaSorSág	olaSorSág
ranger	ranger
had művelet i	had művelet i
bénít ás á t	bénít ás á t
alakulat	alakulat
had Sín tér en	had Sín tér en
világ háború t	világ háború t
rendel tet és ű	rendel tet és ű
commando	commando
boSnia i	boSnia i
fel Serel és ük et	fel Serel és ük et
Specnaz	Specnaz
had sereg	had sereg
sajtó közleméN ek	sajtó közleméN ek
polgár háború s	polgár háború s
művelet ei ben	művelet ei ben
Specnaz_katonával	Specnaz_katonával
állomáN á t	állomáN á t
kép ez ik _	kép ez ik _
kéS ül ni	kéS ül ni
fel kéS ít és é re _	fel kéS ít és é re _
javaslat ok at	javaslat ok at
le ír t ak kal	le ír t ak kal
america	america
cjC	cjC
keres és i	keres és i
találat ok at	találat ok at
ékezet ek et	ékezet ek et
növéN ek kel	növéN ek kel
keres és sel	keres és sel
le ír ó	le ír ó
billenTő	billenTő
iroda lom jeGzék ben	iroda lom jeGzék ben
ép ít het ünk	ép ít het ünk
hűt és en	hűt és en
erő s ít és nél	erő s ít és nél
Cökkent enünk	Cökkent enünk
alkat réS ek	alkat réS ek
induktív	induktív
kár érték ig	kár érték ig
lopimpaSSt	lopimpaSSt
be üt ünk	be üt ünk
adu ban	adu ban
el dob juk	el dob juk
Cat lak oz ás á t	Cat lak oz ás á t
fel Serel ve	fel Serel ve
terv ek	terv ek
határ SakaS ok on	határ SakaS ok on
kereskedelem be	kereskedelem be
meréNlet ek	meréNlet ek
játék ra	játék ra
le tölt és hez	le tölt és hez
fantázia	fantázia
tanulmáN oz ás	tanulmáN oz ás
fejleSt eni	fejleSt eni
kötel ek	kötel ek
titkár nő	titkár nő
jö het nek	jö het nek
kép ek ből	kép ek ből
Sándék ok kal	Sándék ok kal
képzel te	képzel te
tározó k	tározó k
Níl na	Níl na
hal bő ség	hal bő ség
heL hez	heL hez
jelleg é nek	jelleg é nek
tárul ó	tárul ó
lázár _ kastéL	lázár _ kastéL
pihen ni	pihen ni
ut az ás i	ut az ás i
Zenge	Zenge
Götrelm ük ben	Götrelm ük ben
le hajol	le hajol
ígéret e	ígéret e
fel Seletel jük	fel Seletel jük
fű Ser ez zük	fű Ser ez zük
le önt jük	le önt jük
le fed ve	le fed ve
diák nak	diák nak
indít hat na	indít hat na
naG Calád os	naG Calád os
Serv ez és	Serv ez és
öSSeg gel	öSSeg gel
Sent misé t	Sent misé t
Serv ez és t	Serv ez és t
elő ad ás ra	elő ad ás ra
fűz ik	fűz ik
martos	martos
meg ismer het ték	meg ismer het ték
meg tapaStal hat ták	meg tapaStal hat ták
kováCol ód ott	kováCol ód ott
ad hat juk	ad hat juk
nem es ít ett	nem es ít ett
ág ak	ág ak
vég ük ből	vég ük ből
kezdet e	kezdet e
jobb ról	jobb ról
koordinátá k	koordinátá k
másodperc ek ben	másodperc ek ben
értékel és nél	értékel és nél
iráN á t	iráN á t
1_ es	1_ es
Simulál ás á ra	Simulál ás á ra
karakter	karakter
6 _ hó nap os ak	6 _ hó nap os ak
Sopiz ott	Sopiz ott
étk ez és sel	étk ez és sel
6 _ hó nap os	6 _ hó nap os
hó nap os	hó nap os
táp Ser en	táp Ser en
el kezd jük	el kezd jük
őSibarack	őSibarack
almá t	almá t
heLettes ít jük	heLettes ít jük
izgalom ba	izgalom ba
igazol ja	igazol ja
be vezet és é re	be vezet és é re
oLan ok kal	oLan ok kal
kóstol hat ja	kóstol hat ja
kérd és é t	kérd és é t
követ és e	követ és e
Sín válaSt ás	Sín válaSt ás
bíz hat juk	bíz hat juk
válaSt ás t	válaSt ás t
haSnálat i	haSnálat i
regionális an	regionális an
fest és _ mázol ás	fest és _ mázol ás
halogat ják	halogat ják
ki billent i	ki billent i
otthon unk	otthon unk
fel lendül és t	fel lendül és t
Sükség _	Sükség _
fal ak	fal ak
teher hordó	teher hordó
tér fogat i	tér fogat i
zajl ó	zajl ó
vak nak	vak nak
pillanat á tól	pillanat á tól
történet re	történet re
william	william
kút mérg ez és é vel	kút mérg ez és é vel
küzd enünk	küzd enünk
élet ről	élet ről
láN ok ról	láN ok ról
body	body
ejt eni	ejt eni
Sem be mond ás a	Sem be mond ás a
bohóc nak	bohóc nak
meg boCát ják	meg boCát ják
kott	kott
órá ba	órá ba
tragédiá já t	tragédiá já t
Gakorl ás á ra	Gakorl ás á ra
SínéS kiráL	SínéS kiráL
mű ben	mű ben
válaSt ás os	válaSt ás os
Serep é hez	Serep é hez
kiráL ok	kiráL ok
meg hív juk	meg hív juk
saját ság os	saját ság os
meg Sül et és é nek	meg Sül et és é nek
mondanivaló t	mondanivaló t
darab ja	darab ja
el beSél és	el beSél és
drámá k ban	drámá k ban
ruhá z ta	ruhá z ta
beSél nék	beSél nék
munka társ aim	munka társ aim
Serep vállal ás	Serep vállal ás
elő kéS ít és é be	elő kéS ít és é be
meg új ít ás á nak	meg új ít ás á nak
érdekl őd ő k	érdekl őd ő k
kávé ház i	kávé ház i
talál hat	talál hat
javaslat ok	javaslat ok
fő igazgat ó ság	fő igazgat ó ság
páLázat á t	páLázat á t
üzem be	üzem be
létre hoz ó	létre hoz ó
tartomáN a	tartomáN a
leg nev es ebb	leg nev es ebb
örméN ek	örméN ek
ukrajna	ukrajna
néGzet es	néGzet es
tekintéL es	tekintéL es
meg jelen és é re	meg jelen és é re
eredet ű nek	eredet ű nek
görgő k	görgő k
dönt és ei	dönt és ei
mladen_re	mladen_re
tár sas ág i	tár sas ág i
cég bír ó ság	cég bír ó ság
eG ezer	eG ezer
előre halad ás	előre halad ás
haGomáN ai	haGomáN ai
partner eik et	partner eik et
fel vásárol ta	fel vásárol ta
pauker	pauker
__ á nak	__ á nak
gond ok at	gond ok at
méltó ak	méltó ak
__ kal	__ kal
értekez ni	értekez ni
ad ó be vall ás i	ad ó be vall ás i
alkot ta	alkot ta
réS es ed és sel	réS es ed és sel
tulajdon ít ható k	tulajdon ít ható k
foglalkoz tat ó	foglalkoz tat ó
meg halad ó	meg halad ó
projekt ek kel	projekt ek kel
efen	efen
keresked ő cég ek	keresked ő cég ek
maGaráz	maGaráz
tulajdon os i	tulajdon os i
társaság ok nak	társaság ok nak
kap na	kap na
Gűjt eni	Gűjt eni
alakul ás á ról	alakul ás á ról
várakoz ás ai ról	várakoz ás ai ról
leg Sél es ebb	leg Sél es ebb
Solgál tat ás aik	Solgál tat ás aik
fel kutat ás á ra	fel kutat ás á ra
ad ó _ takarék os	ad ó _ takarék os
vállalkoz ás nál	vállalkoz ás nál
adaptál ás á n	adaptál ás á n
el ad ás á n	el ad ás á n
dinamizmus ra	dinamizmus ra
deklarál t	deklarál t
nkfp	nkfp
konzorcium ban	konzorcium ban
küzdelem re	küzdelem re
regiStrál ó	regiStrál ó
samson	samson
Sövet ség es eik nek	Sövet ség es eik nek
talál tuk	talál tuk
optika i	optika i
el ad	el ad
biztonság gal	biztonság gal
sorol ható	sorol ható
vev ő kör rel	vev ő kör rel
fel merül és e kor	fel merül és e kor
niche	niche
mű Ser eik	mű Ser eik
ex port piac ok on	ex port piac ok on
marshall	marshall
fel tár ták	fel tár ták
minő sít ett	minő sít ett
centers	centers
további ak	további ak
tulajdon viSoN ok	tulajdon viSoN ok
mutat nak	mutat nak
be Sállít ás i	be Sállít ás i
élv ez nek	élv ez nek
leg tö bb jé nek	leg tö bb jé nek
termék ei nek	termék ei nek
ár aik	ár aik
meg határ oz ás	meg határ oz ás
kísérlet ez ett	kísérlet ez ett
kezdet i	kezdet i
import _ verseNN el	import _ verseNN el
járulék ai	járulék ai
fő öSSeg e	fő öSSeg e
oep	oep
mód Ser é vel	mód Ser é vel
nógrád	nógrád
Serv ei nél	Serv ei nél
éSrevétel t	éSrevétel t
ítél ték	ítél ték
oG	oG
jelent és	jelent és
el lát ás i	el lát ás i
ki érlel t	ki érlel t
át ad ás á ra	át ad ás á ra
meg rendül ni	meg rendül ni
év é ben	év é ben
forg ó alap	forg ó alap
két év i	két év i
ki ad ás ai t	ki ad ás ai t
oldal _	oldal _
ellen súL oz ni	ellen súL oz ni
be vétel ki es és t	be vétel ki es és t
oSt ja	oSt ja
meg bont ás á ra	meg bont ás á ra
el lát ott ak	el lát ott ak
mód os ít ás á nak	mód os ít ás á nak
elő iráNzat a	elő iráNzat a
kez é be	kez é be
el lát ás	el lát ás
téNező k	téNező k
be fogad ás á nak	be fogad ás á nak
ár növel ő	ár növel ő
működ és é nek	működ és é nek
oep_ nek	oep_ nek
tennivaló k at	tennivaló k at
ok oz ó	ok oz ó
ki Sámít ás á nak	ki Sámít ás á nak
várakoz ás ok	várakoz ás ok
juttat ja	juttat ja
meg akadáL oz ás a	meg akadáL oz ás a
intézked és ek kel	intézked és ek kel
július á tól	július á tól
el húz ód ó	el húz ód ó
hiáN á t	hiáN á t
végre hajt ás hoz	végre hajt ás hoz
erő forr ás	erő forr ás
manipulál ás á t	manipulál ás á t
hitel es ség é hez	hitel es ség é hez
alkalm az ó i	alkalm az ó i
teljes ít és é nek	teljes ít és é nek
sajátos ság ai t	sajátos ság ai t
alkotmáN	alkotmáN
jog uk	jog uk
biztonság hoz	biztonság hoz
öreg ség	öreg ség
alapul nak	alapul nak
heLzet é től	heLzet é től
sorol andó	sorol andó
foLamat á ba	foLamat á ba
SabáL oz atlan	SabáL oz atlan
Serv ek kel	Serv ek kel
intézméN é nek	intézméN é nek
súL pont já vá	súL pont já vá
heLettes ei nek	heLettes ei nek
eGidejűleg	eGidejűleg
1 9 8 9_ től	1 9 8 9_ től
zár Sám adás á t	zár Sám adás á t
bázis alap ú	bázis alap ú
alakul ás á ra	alakul ás á ra
elő iráNzat ba	elő iráNzat ba
mód os ít ás á ra	mód os ít ás á ra
Solgál tat ni	Solgál tat ni
tapaStal ható	tapaStal ható
terv ez és nél	terv ez és nél
siker telen ül	siker telen ül
késedelm i	késedelm i
költség vet és ben	költség vet és ben
Nug díj járulék	Nug díj járulék
be fizet és ek re	be fizet és ek re
Sűk ít ette	Sűk ít ette
alap elv e ként	alap elv e ként
alap nak	alap nak
át ve tte	át ve tte
járulék hátralék a	járulék hátralék a
pótlék ot	pótlék ot
térít és é t	térít és é t
kompenzáció ja	kompenzáció ja
Sámít ás on	Sámít ás on
elő iráNz ott	elő iráNz ott
foL ó s ít ott	foL ó s ít ott
kés ett	kés ett
xc i _	xc i _
fejezet é nek	fejezet é nek
teljes ít ették	teljes ít ették
sorol ható k	sorol ható k
Semlélet ű	Semlélet ű
elő segít eni	elő segít eni
teljes ít és é től	teljes ít és é től
rendelet nek	rendelet nek
foL ó s ít ás	foL ó s ít ás
állapít ani	állapít ani
réS aráN uk	réS aráN uk
le fed ett	le fed ett
át rend ez őd és	át rend ez őd és
le tompít ották	le tompít ották
előleg	előleg
fekv ő	fekv ő
labor	labor
végre hajt ás á ban	végre hajt ás á ban
pénz el lát ás i	pénz el lát ás i
lépCő je	lépCő je
beteg ség Coport	beteg ség Coport
ápol ás i	ápol ás i
alap díj jal	alap díj jal
érték ként	érték ként
állapít ott	állapít ott
zökkenő k	zökkenő k
revízió já ig	revízió já ig
hátráN os an	hátráN os an
kísérő je	kísérő je
eset Sám ban	eset Sám ban
kompenzáció	kompenzáció
üGelet i	üGelet i
fel haSnál t	fel haSnál t
al lokáció	al lokáció
keletkez het ett	keletkez het ett
máv _ intézet	máv _ intézet
le köt hető	le köt hető
törvéN nek	törvéN nek
be fogad ott	be fogad ott
ki elégít ették	ki elégít ették
ütem é nek	ütem é nek
SabáL oz ó	SabáL oz ó
el bírál ás i	el bírál ás i
vétel é ről	vétel é ről
rend Ser é t	rend Ser é t
el különül t	el különül t
fel hatalm az ás a	fel hatalm az ás a
kölCönz ött	kölCönz ött
feladat ként	feladat ként
fel oSt ás á nak	fel oSt ás á nak
forma ként	forma ként
Sorul	Sorul
Sak ápol ás on	Sak ápol ás on
átlag a	átlag a
telep ül és ből	telep ül és ből
Sak ápol ás ban	Sak ápol ás ban
2 9 _ 2 __ uk	2 9 _ 2 __ uk
költség ei nél	költség ei nél
el lát ás nál	el lát ás nál
állapít ható	állapít ható
be kér ik	be kér ik
hó nap já nak	hó nap já nak
hiáN nak	hiáN nak
fel tölt és é ig	fel tölt és é ig
fel tölt és e	fel tölt és e
keS_hez	keS_hez
deficit et	deficit et
kamat ki ad ás a	kamat ki ad ás a
rendelkez és t	rendelkez és t
alul terv ez és é re	alul terv ez és é re
elő iráNzat á t	elő iráNzat á t
görget	görget
vitá k	vitá k
kés és sel	kés és sel
el lát andó	el lát andó
réSlet ez és é t	réSlet ez és é t
rend jé t	rend jé t
fő oStáL ok nak	fő oStáL ok nak
nev ez tek	nev ez tek
fő koordinátor i	fő koordinátor i
be vezet te	be vezet te
ut as ít ás ban	ut as ít ás ban
bevétel en	bevétel en
utal tak	utal tak
ki ad ás ok é	ki ad ás ok é
elő iráNzat _	elő iráNzat _
70 _ 9 5 __ ban	70 _ 9 5 __ ban
Sak képzett ség	Sak képzett ség
meg Sűn és é vel	meg Sűn és é vel
hozzá járul ás ra	hozzá járul ás ra
munka foLamat á t	munka foLamat á t
javaslat nál	javaslat nál
foglal t ak kal	foglal t ak kal
köt és é nek	köt és é nek
apeh_ nak	apeh_ nak
bérleméN	bérleméN
kezel és ű	kezel és ű
Seged en	Seged en
leltár felvétel i	leltár felvétel i
leltár oz ás i	leltár oz ás i
adat állomáN	adat állomáN
koordinál ás á ról	koordinál ás á ról
jóvá haG ás a	jóvá haG ás a
munka Serv ez és re	munka Serv ez és re
aktualizál ás a	aktualizál ás a
Sak terület re	Sak terület re
digi	digi
munka állomás sal	munka állomás sal
printer	printer
kapacitás a	kapacitás a
adat tárol ás ra	adat tárol ás ra
javít ás ok at	javít ás ok at
mező ben	mező ben
iat	iat
40 __ a	40 __ a
heL ez és e	heL ez és e
be vezet és t	be vezet és t
meg old va	meg old va
kör ök et	kör ök et
munka aNag	munka aNag
adat hordozó k	adat hordozó k
dokumentáció i t	dokumentáció i t
fiGelm ez tet ték	fiGelm ez tet ték
Solgáltató t	Solgáltató t
Serv ek nél	Serv ek nél
terhel és e	terhel és e
termék enként	termék enként
Nilván tart ás ban	Nilván tart ás ban
üG rend	üG rend
működ tet ett	működ tet ett
fizet és e	fizet és e
im	im
emlék ez tet ett	emlék ez tet ett
eGütt működ és é vel	eGütt működ és é vel
emlékeztető ül	emlékeztető ül
minder ről	minder ről
komoL ság a	komoL ság a
Nelv viZgá val	Nelv viZgá val
olvas ás á ra	olvas ás á ra
kurzus	kurzus
téma _ alap ú	téma _ alap ú
oSl ik	oSl ik
iktat unk	iktat unk
ismeret aNag á val	ismeret aNag á val
atom ok	atom ok
le hűl és i	le hűl és i
görbé jé n	görbé jé n
változ ás á t	változ ás á t
dermed és e	dermed és e
válaSt unk	válaSt unk
gibbs_féle	gibbs_féle
görbé t	görbé t
seb es ség gel	seb es ség gel
ra	ra
tárG ak ban	tárG ak ban
vég ez _	vég ez _
dolg ai ban	dolg ai ban
SSa	SSa
foglalkoztat ja	foglalkoztat ja
ismer ő s öm mel	ismer ő s öm mel
meg döbben és em re	meg döbben és em re
tetS ene	tetS ene
bölCéS _	bölCéS _
pedagógus ok	pedagógus ok
kretén	kretén
híj á n	híj á n
kérd és ek re	kérd és ek re
reális an	reális an
sok unk	sok unk
Sándék á t	Sándék á t
Cinál ok	Cinál ok
Sül et és ház ban	Sül et és ház ban
eskü jé nek	eskü jé nek
le hető ség em	le hető ség em
Germek em nek	Germek em nek
komplikáció val	komplikáció val
Sül S	Sül S
bába aSSoN	bába aSSoN
Sül és hez	Sül és hez
ok ok ból	ok ok ból
SüléS	SüléS
ellen aNag	ellen aNag
rh	rh
Sül nek	Sül nek
be ad ás a	be ad ás a
ellen aNag ra	ellen aNag ra
illető t	illető t
mond tak	mond tak
Sül és ek	Sül és ek
kerül jenek	kerül jenek
kaláC harc	kaláC harc
be men ni	be men ni
körül jár t	körül jár t
követel és ek	követel és ek
tag ság á t	tag ság á t
Sül és ük	Sül és ük
meg válaSt ás á ban	meg válaSt ás á ban
te hes sék	te hes sék
mód ok	mód ok
alá ír va	alá ír va
föl Sabad ít ó	föl Sabad ít ó
barát ság ok	barát ság ok
t	t
alakít ható k	alakít ható k
alap heLzet be	alap heLzet be
Sámlál ás ban	Sámlál ás ban
érzékelő vel	érzékelő vel
ablak	ablak
Sél e	Sél e
moiré	moiré
be zár ja	be zár ja
rádió hír közlés i	rádió hír közlés i
raktár heL i ség ben	raktár heL i ség ben
bérlő je	bérlő je
mici	mici
póló k at	póló k at
jog hoz	jog hoz
bűn CelekméN ek	bűn CelekméN ek
archivál ás á ra	archivál ás á ra
ír hat juk	ír hat juk
érdekl őd és e	érdekl őd és e
sír já ra	sír já ra
fel ejt em	fel ejt em
sok ban	sok ban
órá ja	órá ja
enged te	enged te
merít het ett	merít het ett
báCi ra	báCi ra
127m	127m
fel Sabadul ás	fel Sabadul ás
Sül et és ek	Sül et és ek
ildikó nak	ildikó nak
adrien nek	adrien nek
süveg	süveg
Germek ük	Germek ük
rozália	rozália
ker _	ker _
el éget jük	el éget jük
fiGel je	fiGel je
lárva kel és e	lárva kel és e
permet Ser es	permet Ser es
Sőlő t	Sőlő t
Saporod ás ra	Saporod ás ra
kül terület i	kül terület i
Solgál jon	Solgál jon
kap junk	kap junk
működ tet és i	működ tet és i
körzet i	körzet i
Cavar t	Cavar t
ismer het tünk	ismer het tünk
köNv tár unk	köNv tár unk
olvas ás i	olvas ás i
Cábít ani	Cábít ani
társ aik nak	társ aik nak
díj az tuk	díj az tuk
jáksó	jáksó
rácz	rácz
sisler	sisler
meg tanul t	meg tanul t
oStáL os ok	oStáL os ok
verseN ez tek	verseN ez tek
beöthy	beöthy
SomSéd	SomSéd
indulat ok	indulat ok
birtok háborít ás	birtok háborít ás
empátiá val	empátiá val
fizes sék	fizes sék
nevel ő	nevel ő
idő tartam ra	idő tartam ra
kt _	kt _
segéL ben	segéL ben
ki ír ás t	ki ír ás t
meg Ner te	meg Ner te
erő próbá nak	erő próbá nak
oStáL á ból	oStáL á ból
verseN eink	verseN eink
esté jé n	esté jé n
ismétel ték	ismétel ték
Sem üveg ű	Sem üveg ű
gáz álarc ban	gáz álarc ban
teSt	teSt
láSló nak	láSló nak
köSöntő jé vel	köSöntő jé vel
év zár ó	év zár ó
be ér tek	be ér tek
aulá já ban	aulá já ban
meg köt és é nek	meg köt és é nek
boNolít has sunk	boNolít has sunk
Gőzelem	Gőzelem
ellen fél nek	ellen fél nek
Catá k	Catá k
fel dolg oz ni	fel dolg oz ni
Germek GóGáSat	Germek GóGáSat
kis iskolá k	kis iskolá k
olvas ás	olvas ás
tartalm ai	tartalm ai
terméSet tudomáN os	terméSet tudomáN os
klaSSicitás	klaSSicitás
eG én i ség ei	eG én i ség ei
terméSet re	terméSet re
ki haG hatatlan	ki haG hatatlan
kor ra	kor ra
fel dúl ták	fel dúl ták
Zold os ok	Zold os ok
terjeSt és é t	terjeSt és é t
mozgalm uk	mozgalm uk
enciklopédikus	enciklopédikus
empirista	empirista
Sentel ték	Sentel ték
élet közel i	élet közel i
lenGelorSág i	lenGelorSág i
önt és é hez	önt és é hez
ismeret rend Ser	ismeret rend Ser
pánSófikus	pánSófikus
uralm á nak	uralm á nak
1 6 4 1_ ben	1 6 4 1_ ben
london ba	london ba
oktat ás üG	oktat ás üG
öStönz és é re	öStönz és é re
él ük ön	él ük ön
comenius t	comenius t
újSerű	újSerű
erdéL ben	erdéL ben
eStende ig	eStende ig
oStáL á ban	oStáL á ban
ianua	ianua
el saját ít ás á hoz	el saját ít ás á hoz
fel dolg oz andó	fel dolg oz andó
hat hat ó s	hat hat ó s
GűjteméN es	GűjteméN es
fej ez te	fej ez te
állapot ok	állapot ok
christian	christian
más odik ból	más odik ból
ismer nie	ismer nie
dolg ai val	dolg ai val
ten nie	ten nie
nevel hető	nevel hető
Celekv és ek	Celekv és ek
merít ik	merít ik
változat os ság a	változat os ság a
viSoN á ban	viSoN á ban
ellent mond ás ai	ellent mond ás ai
orvosol ható k	orvosol ható k
eCetel ik	eCetel ik
anGal ok kal	anGal ok kal
Celekedet ek ben	Celekedet ek ben
előre halad va	előre halad va
hit é vel	hit é vel
ere jé ben	ere jé ben
világ kép é ben	világ kép é ben
buta	buta
Germek kor ban	Germek kor ban
hang súL oz za	hang súL oz za
hajlít hat od	hajlít hat od
tapaStalat Serz és	tapaStalat Serz és
indul jon	indul jon
érzék Serv et	érzék Serv et
kíván ta	kíván ta
aNag á t	aNag á t
fejleSt és é n	fejleSt és é n
tanít unk	tanít unk
vet ni	vet ni
aNa i	aNa i
Germek ek et	Germek ek et
eréN ek	eréN ek
kor ig	kor ig
alap kéS ség é nek	alap kéS ség é nek
élet páLá ra	élet páLá ra
aStronómiá t	aStronómiá t
tarka	tarka
bukkan hat unk	bukkan hat unk
állít om	állít om
heL ség	heL ség
aprólék os	aprólék os
elem ei é	elem ei é
nevel és é t	nevel és é t
példá ik kal	példá ik kal
fogékoN	fogékoN
elő kép é t	elő kép é t
idő s	idő s
Nelv tanít ás	Nelv tanít ás
fonál	fonál
kender t	kender t
meg ér ett	meg ér ett
orsó t	orsó t
oStáL od ban	oStáL od ban
kéS ség ük	kéS ség ük
táblázat ok	táblázat ok
illuStrál t	illuStrál t
át dolg oz ás ai	át dolg oz ás ai
művel őd és	művel őd és
Gakorlat á ra	Gakorlat á ra
1 5 9 7_ ben	1 5 9 7_ ben
clericorum	clericorum
Serv ez és é nél	Serv ez és é nél
köz ös ség é	köz ös ség é
Nilvánít otta	Nilvánít otta
Ser ez nie	Ser ez nie
réteg ek ből	réteg ek ből
Calád tag jaik nak	Calád tag jaik nak
öSSeg ez te	öSSeg ez te
el Sórakoz va	el Sórakoz va
zene oktat ás nak	zene oktat ás nak
biblia i	biblia i
be von janak	be von janak
el rend ez te	el rend ez te
Götr ő	Götr ő
fel tár ni	fel tár ni
cornelius	cornelius
janzen	janzen
keGelm e	keGelm e
réSesül ünk	réSesül ünk
lak oz ik	lak oz ik
pascal	pascal
tanító k	tanító k
hajl ó	hajl ó
tanulmáN oz ás á t	tanulmáN oz ás á t
descartes	descartes
aNa Nelv et	aNa Nelv et
balsikerű	balsikerű
kis iskolá ik at	kis iskolá ik at
meg hoSS abb ít ják	meg hoSS abb ít ják
másfelől	másfelől
pedagógus ai	pedagógus ai
vázlat os	vázlat os
kollégium típus ú	kollégium típus ú
akadémia i	akadémia i
tud ó s ok at	tud ó s ok at
johann	johann
enciklopédia	enciklopédia
meL ek ben	meL ek ben
ki alakít ani	ki alakít ani
féN es ség é vel	féN es ség é vel
meg világít anom	meg világít anom
SabáLzat a	SabáLzat a
retorika	retorika
grammatika i	grammatika i
körzet é be	körzet é be
andrás t	andrás t
áll ott _	áll ott _
meg Gőz őd és é t	meg Gőz őd és é t
puritanizmus	puritanizmus
iráNzat	iráNzat
fel é től	fel é től
reformál t	reformál t
Sükség es ség é t	Sükség es ség é t
marosvásárheL i	marosvásárheL i
stallum ot	stallum ot
tanulmáN ai t	tanulmáN ai t
utrecht	utrecht
eGetem é n	eGetem é n
mód Ser es	mód Ser es
kételked és	kételked és
mesé s	mesé s
meg ismerked ett	meg ismerked ett
September é ben	September é ben
erdéL be	erdéL be
Sok ás ai hoz	Sok ás ai hoz
beSéd del	beSéd del
témá ja	témá ja
reform ra	reform ra
látogat ták	látogat ták
válfaj á t	válfaj á t
presbiterianizmus	presbiterianizmus
újjá ép ít ette	újjá ép ít ette
hazulról	hazulról
1 6 5 3_ as	1 6 5 3_ as
vaskos	vaskos
leg léNeg es ebb	leg léNeg es ebb
mozg ás á val	mozg ás á val
történelem mel	történelem mel
erkölC ös en	erkölC ös en
más ok nak	más ok nak
foglal ás	foglal ás
olvasó k	olvasó k
naG diák jai	naG diák jai
forgat hat ták	forgat hat ták
el képzel és é t _	el képzel és é t _
Nelv tanul ás	Nelv tanul ás
állapod jék	állapod jék
öSSe függ és ei t	öSSe függ és ei t
aStronómia	aStronómia
oltár á n	oltár á n
gond já t	gond já t
ringelberg	ringelberg
haSnál ta	haSnál ta
heG nek	heG nek
kéN es sé	kéN es sé
párná n	párná n
dolg od ban	dolg od ban
mozog nak	mozog nak
gazdag nak	gazdag nak
utánna	utánna
ki k re	ki k re
íz be	íz be
foglalkoz z	foglalkoz z
világ os ság ot	világ os ság ot
serken j	serken j
foLtat ás a	foLtat ás a
nép oktat ás	nép oktat ás
be foL ás sal	be foL ás sal
köz nevel és sel	köz nevel és sel
előbbre	előbbre
fakultás a	fakultás a
nem ség	nem ség
fokozat ok at	fokozat ok at
bölCéS kar	bölCéS kar
bíbornok	bíbornok
1 7 7 7_ ben	1 7 7 7_ ben
apáca rend je	apáca rend je
higiénia	higiénia
fél év Sázad os	fél év Sázad os
ki Sél es ed és e	ki Sél es ed és e
lelkéS	lelkéS
fel emel és ük	fel emel és ük
külsődleges	külsődleges
fogad tat ni	fogad tat ni
praecepta	praecepta
pedagógiá já val	pedagógiá já val
be tű z tet ett	be tű z tet ett
SőN i	SőN i
hangzó k at	hangzó k at
tsom	tsom
kereng ő	kereng ő
protestantizmus	protestantizmus
érv ek	érv ek
protestáns sá	protestáns sá
fenn hat ó ság uk	fenn hat ó ság uk
alá ír ás á t	alá ír ás á t
kollégium ai ban	kollégium ai ban
bujdos nia	bujdos nia
jótékoN	jótékoN
Sellem é t	Sellem é t
boldogul ás	boldogul ás
terjed és é vel	terjed és é vel
weber	weber
rögzül tek	rögzül tek
indít tat ás on	indít tat ás on
forrong ás á t	forrong ás á t
érzelem re	érzelem re
meg bíz zák	meg bíz zák
háziorvos a	háziorvos a
öSSe fon ód ik	öSSe fon ód ik
concerning	concerning
filozófus i	filozófus i
meg őrz és é nek	meg őrz és é nek
higiénia i	higiénia i
kereStéN ek	kereStéN ek
el távolít	el távolít
enciklopédistá k	enciklopédistá k
réteg ei be	réteg ei be
heLzet ek hez	heLzet ek hez
művéSet é vel	művéSet é vel
akad ó	akad ó
test ük	test ük
Sámít ottak	Sámít ottak
ruházat ot	ruházat ot
levegő n	levegő n
tartózkod ás t	tartózkod ás t
foGaSt ás á t	foGaSt ás á t
élet mód ot	élet mód ot
fontoló ra	fontoló ra
meg Sok ás _	meg Sok ás _
tart anád	tart anád
bátr abb	bátr abb
Seretet ük et	Seretet ük et
célzat tal	célzat tal
feNíték	feNíték
meg aláz za	meg aláz za
büntet és	büntet és
leg font os abb nak	leg font os abb nak
benső ség es en	benső ség es en
ojt son	ojt son
ves sünk	ves sünk
kép ez ni _	kép ez ni _
meg Sok ja	meg Sok ja
tapaStal ás	tapaStal ás
tükr öz őd és e	tükr öz őd és e
tapaStal ás t	tapaStal ás t
ki művel és e	ki művel és e
ismeret kör ök et	ismeret kör ök et
tanít ható nak	tanít ható nak
üdül és é vé	üdül és é vé
fáradság ot	fáradság ot
el saját ít sák	el saját ít sák
sport ok	sport ok
zené ről	zené ről
el haG juk	el haG juk
rajzol ód ik	rajzol ód ik
pietas	pietas
pia	pia
halle	halle
tömeg gé	tömeg gé
tevékeN ség é vel	tevékeN ség é vel
kapCol ód tak	kapCol ód tak
Gerek ek től	Gerek ek től
meg Nilvánul ó	meg Nilvánul ó
tulajdon ít ott	tulajdon ít ott
Cengery	Cengery
tan köNv ben	tan köNv ben
nép oktat ás unk	nép oktat ás unk
paul	paul
proháSka	proháSka
enfants	enfants
fordít ás á t	fordít ás á t
formátum	formátum
álm ai nak	álm ai nak
fő épület be	fő épület be
foLosó k on	foLosó k on
Sem ed del	Sem ed del
eseméN ei ből	eseméN ei ből
buGogó já nak	buGogó já nak
maradváN a	maradváN a
udvar ter es	udvar ter es
fő ter é n	fő ter é n
Sent kereSt i	Sent kereSt i
alak os	alak os
határ vonal a	határ vonal a
tiStelet tel	tiStelet tel
5_a	5_a
fiGelm etlen ség	fiGelm etlen ség
sodor	sodor
alkalm az z	alkalm az z
haGatkoz z	haGatkoz z
itáliá já t	itáliá já t
köNv é t	köNv é t
viktor ról	viktor ról
nándor ig	nándor ig
kezel t	kezel t
ír ás ai nak	ír ás ai nak
mobilitás	mobilitás
öSS maGar ság	öSS maGar ság
páLa kép e	páLa kép e
kozma	kozma
név maGaros ít ás ok	név maGaros ít ás ok
ki terjeSt ette	ki terjeSt ette
menekül és i	menekül és i
név maGaros ít ás ra	név maGaros ít ás ra
miniSter elnök ség e	miniSter elnök ség e
nemzet i ség	nemzet i ség
Nelv határ on	Nelv határ on
régió k ban	régió k ban
név maGaros ít ó	név maGaros ít ó
kéSt et ett	kéSt et ett
izraelita	izraelita
feNegetettség	feNegetettség
be tart ható	be tart ható
Sponzor i	Sponzor i
Sámla Sám mal	Sámla Sám mal
be foL ó	be foL ó
hiteget ni	hiteget ni
tag já nak	tag já nak
el kés tünk	el kés tünk
vezető jé re	vezető jé re
alap feladat ok	alap feladat ok
tanul hat nánk	tanul hat nánk
kap hat nának	kap hat nának
előre boCájt om	előre boCájt om
kritiká t	kritiká t
el hárít va	el hárít va
faj ok	faj ok
érték ük	érték ük
érdek es ség e	érdek es ség e
erde jé ben	erde jé ben
néma	néma
regiStráció ja	regiStráció ja
liga	liga
SakaS mérnök ség ek	SakaS mérnök ség ek
sorol hat juk	sorol hat juk
engedéL ez és ek re	engedéL ez és ek re
víz el lát ás i	víz el lát ás i
eGeztet ve	eGeztet ve
fő műv ek	fő műv ek
féN kép ek kel	féN kép ek kel
adott ság ai	adott ság ai
eStétikus	eStétikus
óv ó nő k kel	óv ó nő k kel
mottó já ul	mottó já ul
ki teljes ít és e	ki teljes ít és e
rajzol ás	rajzol ás
Gerek rajz	Gerek rajz
rajz á ban	rajz á ban
félelm ei t	félelm ei t
Sorong ás ai t	Sorong ás ai t
érték ei nek	érték ei nek
költség ei t	költség ei t
jel ez	jel ez
élv ez zen	élv ez zen
váll ak at	váll ak at
hét ben	hét ben
porc korong	porc korong
produkál	produkál
tart ás od	tart ás od
áll S	áll S
problémá k ra	problémá k ra
láb Nom ó	láb Nom ó
Cíp ő hajlít ó	Cíp ő hajlít ó
rövidül nek	rövidül nek
izom nak	izom nak
gerinc et	gerinc et
eD eni	eD eni
Solgál tat ás ként	Solgál tat ás ként
regiStrál ás á n	regiStrál ás á n
ki alakít andó	ki alakít andó
strabag	strabag
dönt és hez	dönt és hez
multikulturális	multikulturális
multietnikus	multietnikus
kérd és ei nek	kérd és ei nek
hordozó ja	hordozó ja
fiGelem fel hív ó	fiGelem fel hív ó
Coport ban	Coport ban
vázol ták	vázol ták
selfslagh	selfslagh
foLam i	foLam i
örök ség védelm i	örök ség védelm i
GűjteméN ei	GűjteméN ei
eGesület ként	eGesület ként
ki _ ki	ki _ ki
tető ter é ben	tető ter é ben
Gakorl ó	Gakorl ó
fel értékel i	fel értékel i
aStal os	aStal os
kézenfekvő	kézenfekvő
gondol nak	gondol nak
magatartás i	magatartás i
kultúrá t	kultúrá t
közre ad ás á val	közre ad ás á val
fogalm az ás ok	fogalm az ás ok
teljes ít hető	teljes ít hető
töreked tünk	töreked tünk
alkos suk	alkos suk
globális	globális
dimenzió k	dimenzió k
Comó pont	Comó pont
pSichológia i	pSichológia i
lég kör	lég kör
serkent ő	serkent ő
árNal t abb an	árNal t abb an
roSS ként	roSS ként
élméN ek nek	élméN ek nek
Semlélet tel	Semlélet tel
fogalm az tak	fogalm az tak
pozíció ból	pozíció ból
Situáció k	Situáció k
Gűlölet et	Gűlölet et
konfrontál ó	konfrontál ó
alkalm az tunk	alkalm az tunk
értékel tünk	értékel tünk
viSSa mond ás a	viSSa mond ás a
önmag uk at	önmag uk at
javít ani	javít ani
tan aNag gal	tan aNag gal
tartalom elemz és ek	tartalom elemz és ek
jövő be	jövő be
eredméN ek ben	eredméN ek ben
ki emel ünk	ki emel ünk
minő ség üG ben	minő ség üG ben
törvéN telen ség ben	törvéN telen ség ben
terjeSt és é re	terjeSt és é re
párt válaSt ás sal	párt válaSt ás sal
követő i re	követő i re
sumákol ni	sumákol ni
mSmp	mSmp
Sámít ás od	Sámít ás od
magán vitá já ról	magán vitá já ról
hatalm á val	hatalm á val
be avatkoz zon	be avatkoz zon
meg eG ez és	meg eG ez és
miniSter elnök nek	miniSter elnök nek
Sok ás á t	Sok ás á t
kormáN fő	kormáN fő
oldal Ni	oldal Ni
ház tart ás ba	ház tart ás ba
bólint ott	bólint ott
köz ért hető ség	köz ért hető ség
propaganda	propaganda
át lát ható	át lát ható
manipuláció	manipuláció
riporter	riporter
akar nék	akar nék
keSTű ben	keSTű ben
le ül ök	le ül ök
Nug díj as ok ra	Nug díj as ok ra
át tanulmáN oz za	át tanulmáN oz za
hat év es en	hat év es en
m3_ t	m3_ t
problémá nak	problémá nak
el hangz ó	el hangz ó
haSnál hatatlan _	haSnál hatatlan _
ki Sél es ít sék	ki Sél es ít sék
meg old atlan	meg old atlan
öSSe köt tet és	öSSe köt tet és
tel het	tel het
korona fürt	korona fürt
hallgat	hallgat
Sól unk	Sól unk
ért sd	ért sd
ki kapCol hat od	ki kapCol hat od
meg ismer ed	meg ismer ed
véd	véd
takarít aS	takarít aS
meg tagad	meg tagad
meg hal S	meg hal S
zokog ni	zokog ni
ki lép ő	ki lép ő
biztonság os an	biztonság os an
törvéN köNv	törvéN köNv
classic	classic
meg fizet ték	meg fizet ték
ír ás ban	ír ás ban
örököse_i_	örököse_i_
biztos ít ott ól	biztos ít ott ól
operáció val	operáció val
ér véN es ek	ér véN es ek
meg fizet ett	meg fizet ett
meg Sűn és	meg Sűn és
biztosító t	biztosító t
mentesül	mentesül
kockázat ok kal	kockázat ok kal
öSSeg ből	öSSeg ből
teljes ít és hez	teljes ít és hez
rokkant ság ot	rokkant ság ot
lát ás	lát ás
állam polgár ság a	állam polgár ság a
kár térít és i	kár térít és i
meg beteg ed és e	meg beteg ed és e
meg Serv ez ze	meg Serv ez ze
intézméN hez	intézméN hez
meg előleg ez i	meg előleg ez i
tartózkod ás i	tartózkod ás i
jog SabáL ok nak	jog SabáL ok nak
költség ek nek	költség ek nek
térít és é re	térít és é re
kár térít és t	kár térít és t
zár Serkezet tel	zár Serkezet tel
haSnálat ú	haSnálat ú
vaGon tárG ak	vaGon tárG ak
kockázat visel és e	kockázat visel és e
eSközöl t	eSközöl t
forgalom ból	forgalom ból
mű fog ak	mű fog ak
alulírott	alulírott
ér véN telen ség é t	ér véN telen ség é t
sos	sos
prága	prága
tájékoztató_k_	tájékoztató_k_
önkéntes en	önkéntes en
biztos ít ott ként	biztos ít ott ként
orSág ok ba	orSág ok ba
sugárz ás	sugárz ás
értekez és ben	értekez és ben
1 8 5 6_ ban	1 8 5 6_ ban
_3	_3
gondolat menet é t	gondolat menet é t
rezg ő kör re	rezg ő kör re
mm_ es	mm_ es
sugar a	sugar a
pont os ság gal	pont os ság gal
Sét Níl ó	Sét Níl ó
illeSt endő	illeSt endő
Sór t	Sór t
hibá já ról	hibá já ról
mond hat	mond hat
háN ad os	háN ad os
közep é hez	közep é hez
ragaSt ották	ragaSt ották
keret terv	keret terv
aNag nak	aNag nak
idő béLeg gel	idő béLeg gel
meg bíz hatatlan	meg bíz hatatlan
heLettes ít ő	heLettes ít ő
másol ás ra	másol ás ra
törl és é t	törl és é t
el ér hető k	el ér hető k
meg hajt ó	meg hajt ó
mappá k at	mappá k at
le tükr öz	le tükr öz
ki haG ja	ki haG ja
bele foglal ja	bele foglal ja
idő béLeg et	idő béLeg et
bő ség es	bő ség es
fájl t	fájl t
fájl jai t	fájl jai t
autó lop ás ok	autó lop ás ok
kérdez tük	kérdez tük
Zolczai	Zolczai
őrnaG ot	őrnaG ot
ki játS ás a	ki játS ás a
kockázat tal	kockázat tal
lop ás ok hoz	lop ás ok hoz
tolvaj t	tolvaj t
tulajdon os t	tulajdon os t
viSSa vásárol t	viSSa vásárol t
viSSa vásárl ás ra	viSSa vásárl ás ra
oroS ok	oroS ok
ladá juk at	ladá juk at
rendel nek	rendel nek
jugoSlávia i	jugoSlávia i
ár ban	ár ban
reklám ok	reklám ok
kérdez tek	kérdez tek
adat bázis unk ból	adat bázis unk ból
kér ünk	kér ünk
át dorbézol t	át dorbézol t
meg hal ok	meg hal ok
kér S	kér S
el maGaráz za	el maGaráz za
diSnó	diSnó
áG ból	áG ból
remeg ő	remeg ő
öSSe Cukl ik	öSSe Cukl ik
járó k	járó k
kováCol tak	kováCol tak
idéz tem	idéz tem
barát ság ok at	barát ság ok at
emlék ez het	emlék ez het
fel idéz ni	fel idéz ni
érv ek kel	érv ek kel
kiCi ben	kiCi ben
SéGell néd	SéGell néd
Sitk ok at	Sitk ok at
SeNN ez őd és ek	SeNN ez őd és ek
póráz zal	póráz zal
int és e	int és e
dog	dog
el hamarkod ott	el hamarkod ott
Gök er ez ik	Gök er ez ik
produkció ban	produkció ban
ellen áll hatatlan	ellen áll hatatlan
ill etlen	ill etlen
kaSSa siker	kaSSa siker
váG va	váG va
fordít ják	fordít ják
Sőr ös	Sőr ös
vált ania	vált ania
Nál	Nál
meg harap ott	meg harap ott
meg vásárol hat unk	meg vásárol hat unk
fel hív ás	fel hív ás
akció hő s t	akció hő s t
aStal nál	aStal nál
improvizál	improvizál
játS ották	játS ották
naG ság os	naG ság os
Coport első ség gel	Coport első ség gel
lép het nek	lép het nek
vetéL társ aink at	vetéL társ aink at
viadal on	viadal on
front on	front on
németorSág ot	németorSág ot
málta	málta
meg Süntet és e _	meg Süntet és e _
ír ó Sövet ség ben	ír ó Sövet ség ben
üG e _	üG e _
memorandum	memorandum
le mond ás	le mond ás
dokumentum ok	dokumentum ok
két het enként	két het enként
konferenciá ja	konferenciá ja
ünnep é t	ünnep é t
való s ít sanak	való s ít sanak
kép viselő k nek	kép viselő k nek
politika mentes	politika mentes
mozgalm ak	mozgalm ak
myrtil	myrtil
eGház üG i	eGház üG i
munka kör	munka kör
jelentkez és ek et	jelentkez és ek et
fel dolg oz ás t	fel dolg oz ás t
__magas	__magas
dolg oz ol	dolg oz ol
bergen ből	bergen ből
hív S	hív S
mínuS	mínuS
amióta	amióta
meg hódít ás á t	meg hódít ás á t
my	my
mitológia	mitológia
clarke	clarke
önmag ad dal	önmag ad dal
matal	matal
iráNzat ba	iráNzat ba
lelk es ek	lelk es ek
hiS nek	hiS nek
hit világ	hit világ
olaj os	olaj os
vakar ni	vakar ni
fest jük	fest jük
meg jeGz és em et	meg jeGz és em et
fog tok	fog tok
abbath	abbath
iLesmi k et	iLesmi k et
kezd tetek	kezd tetek
CúC on	CúC on
Cíp em	Cíp em
be fej ez zük	be fej ez zük
bergen ben	bergen ben
tankol ás a	tankol ás a
autó gáz	autó gáz
következő en	következő en
autó gáz ról	autó gáz ról
fut ás teljesítméN e	fut ás teljesítméN e
gép járműv ek nél	gép járműv ek nél
mag á ba _	mag á ba _
kor á tól	kor á tól
foGaSt ás i	foGaSt ás i
tankol ás ra	tankol ás ra
arat va	arat va
kor oStáL ok nál	kor oStáL ok nál
Gerek kor á t	Gerek kor á t
el tüntet ni	el tüntet ni
üres ek	üres ek
hasáb jai n	hasáb jai n
ki rohan ó	ki rohan ó
pSichológus ok	pSichológus ok
állat kert ünk	állat kert ünk
pici	pici
próbálkoz hat tak	próbálkoz hat tak
gondolat sor	gondolat sor
motor já vá	motor já vá
meneEel és é nek	meneEel és é nek
trén ing program nak	trén ing program nak
hat ás tól	hat ás tól
minő sít és é n	minő sít és é n
régió i	régió i
practice	practice
kulC font os ság ú	kulC font os ság ú
kapCol ód ás á ra	kapCol ód ás á ra
öSSesség ük ben	öSSesség ük ben
meg ismer és é ben	meg ismer és é ben
exploratory	exploratory
réS vétel é hez	réS vétel é hez
idő be oSt ás ban	idő be oSt ás ban
le hető ség ek ről	le hető ség ek ről
haSnál jon	haSnál jon
kéS ít sen	kéS ít sen
old hat nak	old hat nak
kéS ség ek en	kéS ség ek en
Nertes ei	Nertes ei
javít ották	javít ották
aspektus ai t	aspektus ai t
Sáll ás ok on	Sáll ás ok on
1 9 9 8_ as	1 9 9 8_ as
másik uk	másik uk
meg bánt ód ik	meg bánt ód ik
válaS uk at	válaS uk at
terv ez zék	terv ez zék
idő k kel	idő k kel
ön értékel és em be	ön értékel és em be
láN ok hoz	láN ok hoz
teher	teher
Capat ot	Capat ot
válaS á val	válaS á val
el kerül te	el kerül te
izgága ság a	izgága ság a
izgalm á ban	izgalm á ban
mester ed	mester ed
ellenző je	ellenző je
el indul ás á nak	el indul ás á nak
körülméN ei t	körülméN ei t
miSSió	miSSió
nascar	nascar
közleméN	közleméN
fejezet ek	fejezet ek
el igaz od ás ban	el igaz od ás ban
fekete _ fehér	fekete _ fehér
ki boCát ás i	ki boCát ás i
1 8 _á ig	1 8 _á ig
tájékoztató já n	tájékoztató já n
ár foLam érték en	ár foLam érték en
jeG eik et	jeG eik et
takarék bank	takarék bank
takarék Sövetkezet	takarék Sövetkezet
név érték en	név érték en
konflax	konflax
név érték ben	név érték ben
verseN é n	verseN é n
érdemel te	érdemel te
bank ok	bank ok
reklám üGnök ség eik	reklám üGnök ség eik
euroatlanti	euroatlanti
Capat ok kal	Capat ok kal
miSSió ban	miSSió ban
Sél es ít ik	Sél es ít ik
meg közelít és re	meg közelít és re
meg új ul t	meg új ul t
CúC értekezlet	CúC értekezlet
adaptáció t	adaptáció t
fel Sámol ás a	fel Sámol ás a
határozat ai t	határozat ai t
tanulmáN t	tanulmáN t
illeték es ei hez	illeték es ei hez
telefon Sám ok on	telefon Sám ok on
Sak lap ot	Sak lap ot
páLázat kezelő je	páLázat kezelő je
páLázat tal	páLázat tal
be mutas suk	be mutas suk
köSön het i	köSön het i
város unk hoz	város unk hoz
hat ja	hat ja
látogat nak	látogat nak
leg jel es ebb	leg jel es ebb
sajtó páhoL	sajtó páhoL
Sav az ás	Sav az ás
dsida	dsida
őr ezred	őr ezred
rá jár	rá jár
táv oz ás á ra	táv oz ás á ra
táv oz ás om kor	táv oz ás om kor
vetélked ett	vetélked ett
leáN a	leáN a
emel tet ett	emel tet ett
láSló t _	láSló t _
Söveg é t	Söveg é t
kér ném	kér ném
mintá s	mintá s
mosdó t	mosdó t
mintá ban	mintá ban
gienger	gienger
Cap telep ek	Cap telep ek
kerámiá k at	kerámiá k at
felület ek be	felület ek be
Ser ez tük	Ser ez tük
darab ok ra	darab ok ra
üveg e	üveg e
fel Serel és é vel	fel Serel és é vel
Sín ű re	Sín ű re
fel tűn ő	fel tűn ő
fűt és Cöv ek et	fűt és Cöv ek et
Serel het nek	Serel het nek
be rend ez és i	be rend ez és i
fal a	fal a
ajánl janak	ajánl janak
Sak tan áC adás sal	Sak tan áC adás sal
SekréN t	SekréN t
aStal os nak	aStal os nak
dió ból	dió ból
tárol ó heL re	tárol ó heL re
cm_ es nél	cm_ es nél
teleped jenek	teleped jenek
lámpá k kal	lámpá k kal
ház unk	ház unk
kert ép ít és i	kert ép ít és i
sorbus	sorbus
mos ó	mos ó
görgő k kel	görgő k kel
kéS ít tet het nek	kéS ít tet het nek
ki gördít ve	ki gördít ve
árt ana	árt ana
márka nev ek kel	márka nev ek kel
alap aNag ú	alap aNag ú
sűrű ség ű	sűrű ség ű
tab ra	tab ra
keCkemét re	keCkemét re
örül tek	örül tek
folt varr ás	folt varr ás
el kér ni	el kér ni
el dönt i	el dönt i
kormáN Sár at	kormáN Sár at
stucnihoz	stucnihoz
menet es	menet es
mérték é vel	mérték é vel
virág	virág
aNá ba	aNá ba
para méter ei	para méter ei
hajol hat nak	hajol hat nak
hangol ható	hangol ható
Cavar ok at	Cavar ok at
markolat	markolat
Sarv at	Sarv at
heLzet ük	heLzet ük
fel emelked ett	fel emelked ett
borít ani	borít ani
mar	mar
ki Cerél ik	ki Cerél ik
fiú _ üG eim	fiú _ üG eim
font os at _	font os at _
Nak am at	Nak am at
Caj od	Caj od
bizoNgat ta	bizoNgat ta
páLa udvar ra	páLa udvar ra
arc ki fej ez és t	arc ki fej ez és t
meg ad nád	meg ad nád
el köSön tem	el köSön tem
hirdet tem	hirdet tem
végtelen ül	végtelen ül
valaki vel	valaki vel
mag am ban _	mag am ban _
kávézó já val	kávézó já val
jah	jah
jóhoG	jóhoG
hív j	hív j
mosoLog va	mosoLog va
ki fizet tem	ki fizet tem
kerít és t	kerít és t
SínéS ei hez	SínéS ei hez
film hez	film hez
kreál junk	kreál junk
nép é nek	nép é nek
doboz zal	doboz zal
át Salad	át Salad
Salad	Salad
intelligens ebb ek	intelligens ebb ek
haza jö ttem	haza jö ttem
sejt és em	sejt és em
körül _	körül _
Sirom Ni	Sirom Ni
köd ön	köd ön
tavaS nap _	tavaS nap _
el dob tam	el dob tam
barát já t _	barát já t _
üdvözl ik _	üdvözl ik _
tete jé n _	tete jé n _
Sáll nak	Sáll nak
köd ben _	köd ben _
ösvéN _	ösvéN _
gekkyo	gekkyo
hull anak _	hull anak _
harmat víz	harmat víz
Cöpög _	Cöpög _
harmat ban	harmat ban
dől _	dől _
vad on	vad on
magáN os _	magáN os _
ég nek _	ég nek _
láb á t _	láb á t _
kaláS ok ba _	kaláS ok ba _
el hal	el hal
fű ben _	fű ben _
hakusuiró	hakusuiró
miL	miL
Cillag ot	Cillag ot
Cíp	Cíp
leS _	leS _
kér nem _	kér nem _
hold _	hold _
zúg	zúg
felel _	felel _
fekve _	fekve _
tenger re	tenger re
le Sáll	le Sáll
Cengő je	Cengő je
kaCa hápog ás _	kaCa hápog ás _
ül t _	ül t _
hál nak	hál nak
tűn nek _	tűn nek _
péntek re	péntek re
aSáL kár ok	aSáL kár ok
be telepít eni	be telepít eni
ingatlan ok at	ingatlan ok at
meg ráz ó	meg ráz ó
term és t	term és t
föld ből	föld ből
haza árul ó	haza árul ó
hajó tör és t	hajó tör és t
követel és ük	követel és ük
gördül ő	gördül ő
hall jam	hall jam
eGik ük höz	eGik ük höz
éh es ek	éh es ek
rendel	rendel
Sándék ok at	Sándék ok at
schutt	schutt
sajnál junk	sajnál junk
kert et	kert et
telehold	telehold
válaSt hat ja	válaSt hat ja
kamat ot	kamat ot
üG fel ek nek	üG fel ek nek
jeG ez het ik	jeG ez het ik
kamat ok at	kamat ok at
heL ez nek	heL ez nek
Sámla vezet és i	Sámla vezet és i
hozam ot	hozam ot
jog ai ról	jog ai ról
fordít ható	fordít ható
program ok ra	program ok ra
2 _i	2 _i
ismeret ei	ismeret ei
eredméN es ség é re	eredméN es ség é re
Sigorú bb an	Sigorú bb an
baj vív ás	baj vív ás
végig mér ik	végig mér ik
mérkőz ni	mérkőz ni
leg tág abb ra	leg tág abb ra
bika	bika
genetic	genetic
Germek ük et	Germek ük et
cipel ünk	cipel ünk
élet ünk re	élet ünk re
téved és ek	téved és ek
érdek es ség gel	érdek es ség gel
mód jaik at	mód jaik at
segédlet et	segédlet et
sejt enek	sejt enek
út i	út i
meg hallgat ni	meg hallgat ni
vérz és	vérz és
be jut ás á t	be jut ás á t
hüveL be	hüveL be
meddő ség et	meddő ség et
ok oz hat nak	ok oz hat nak
mond ható k	mond ható k
tartózkod ni	tartózkod ni
élet től	élet től
nap ok nak	nap ok nak
veG hat ás ra	veG hat ás ra
bénít ja	bénít ja
eső t	eső t
irrigál ás	irrigál ás
perc en	perc en
teher be	teher be
ostor os t	ostor os t
mutat ó s	mutat ó s
áGnemű n	áGnemű n
vág juk	vág juk
kever és é vel	kever és é vel
hús á t	hús á t
dolg oz va	dolg oz va
test ek et	test ek et
tér ből	tér ből
GöNörű t	GöNörű t
torkoll ik	torkoll ik
had i	had i
súg ta	súg ta
koroná t	koroná t
kerül és e kor	kerül és e kor
öltözet	öltözet
üG fel ünk	üG fel ünk
fizet nie	fizet nie
tárCa hang ja	tárCa hang ja
üzenet ek et	üzenet ek et
le hető ség gel	le hető ség gel
hang postá ja	hang postá ja
vonal unk at	vonal unk at
kollekció ban	kollekció ban
kínálat ban	kínálat ban
chee	chee
apuká nk nak	apuká nk nak
zabál ták	zabál ták
élméN ei t	élméN ei t
kis fiú t	kis fiú t
le buk ik	le buk ik
perc nél	perc nél
fő orvos a	fő orvos a
sebéS i	sebéS i
fel iratkoz ás i	fel iratkoz ás i
listá já ból	listá já ból
réSleg	réSleg
közl és é re	közl és é re
kezdeméN ez és sel	kezdeméN ez és sel
kutat ás á t	kutat ás á t
Serep re	Serep re
bio maSSa	bio maSSa
meg bilinCel t	meg bilinCel t
erő Sak ot	erő Sak ot
kísér jenek	kísér jenek
ki hallgat ás	ki hallgat ás
1 9 4 5_ ben	1 9 4 5_ ben
fél év es	fél év es
oStáL á n	oStáL á n
célz ás ok	célz ás ok
jeG ez te	jeG ez te
rá kérdez ni	rá kérdez ni
elő kerül	elő kerül
oStáL társ aim nak	oStáL társ aim nak
iGekez tem	iGekez tem
meg mond om	meg mond om
Sembe sül nöm	Sembe sül nöm
eS ük be	eS ük be
hmm	hmm
baStat tak	baStat tak
Ganú ba	Ganú ba
éS t	éS t
fölösleg es en	fölösleg es en
fel vonul ás tól	fel vonul ás tól
kérdez ed	kérdez ed
gimis	gimis
ki bír hatatlan	ki bír hatatlan
hír em	hír em
Gerek eik ről	Gerek eik ről
éS be	éS be
fejleméN ek	fejleméN ek
old jam	old jam
iskolá juk ban	iskolá juk ban
karáCoN	karáCoN
kereSt en	kereSt en
Sét oSt otta	Sét oSt otta
ajándék oz ta	ajándék oz ta
ünnepl és e	ünnepl és e
ág ai	ág ai
GümölC ei	GümölC ei
hét köz nap ok	hét köz nap ok
adomáN oz ó i t	adomáN oz ó i t
töredék ek	töredék ek
eséL ed	eséL ed
ki repül és e	ki repül és e
meg lát nak	meg lát nak
másik ba	másik ba
fél ből	fél ből
emlékezet es ek	emlékezet es ek
finom ak	finom ak
raGog j	raGog j
provokál j	provokál j
SivaCC al	SivaCC al
nő t	nő t
Cinál jon	Cinál jon
élv ez d	élv ez d
önbizalom hiáN ban	önbizalom hiáN ban
partner ed del	partner ed del
taxi ba	taxi ba
kábel ez és i	kábel ez és i
telepít és e	telepít és e
ajánlat tevő	ajánlat tevő
küld és	küld és
olvas ná	olvas ná
küld ték	küld ték
oda érkez és ük	oda érkez és ük
le hető ség ek en	le hető ség ek en
www_nepSabadsag_hu	www_nepSabadsag_hu
öSSe kapCol ja	öSSe kapCol ja
intéz hes sék	intéz hes sék
téma kör ök et	téma kör ök et
kér ne	kér ne
üdvözlet em	üdvözlet em
új ság nak	új ság nak
kellék ek ről	kellék ek ről
vált ottunk	vált ottunk
meg ismerked nék	meg ismerked nék
Sándék ban	Sándék ban
Nit ottam	Nit ottam
akárki	akárki
rivális ok at	rivális ok at
bravúr	bravúr
avas	avas
tenger Sint	tenger Sint
közep é ből	közep é ből
kereskedő k nek	kereskedő k nek
vers sor ok ba	vers sor ok ba
tetem vár	tetem vár
új ak kal	új ak kal
nemzedék ek	nemzedék ek
gondol hat tak	gondol hat tak
gravitáció s	gravitáció s
eros	eros
haj tó műv ek	haj tó műv ek
le fék ez ték	le fék ez ték
böngéSő jé vel	böngéSő jé vel
jog tulajdon os sal	jog tulajdon os sal
be tölt ő	be tölt ő
húz ta	húz ta
előz i	előz i
nép es ség é nek	nép es ség é nek
tér kép en	tér kép en
SámSerű	SámSerű
ki ejt és	ki ejt és
történet é re	történet é re
názáret i	názáret i
ige hirdet ő	ige hirdet ő
lét ből	lét ből
virágz ás á nak	virágz ás á nak
mű tárG ak	mű tárG ak
liturgia	liturgia
fejezet hez	fejezet hez
hat ás os an	hat ás os an
aktualitás ai	aktualitás ai
fejezet ei től	fejezet ei től
terminológiá val	terminológiá val
konfucianizmus	konfucianizmus
kozmoS	kozmoS
lét	lét
isten ség ek	isten ség ek
sintoizmus	sintoizmus
sinto	sinto
Sak iroda lom ból	Sak iroda lom ból
Serető je	Serető je
hátráN ai t	hátráN ai t
kiráL _ nő nek	kiráL _ nő nek
Sembe jön	Sembe jön
leg veSéL es ebb	leg veSéL es ebb
mozzanat ot	mozzanat ot
ez ek től	ez ek től
Sállít otta	Sállít otta
divat ból	divat ból
hitel bank	hitel bank
forint ra	forint ra
munka adó k	munka adó k
bér ek et	bér ek et
kapColat tart ó	kapColat tart ó
tér kép	tér kép
el lát ás á val	el lát ás á val
fel lép és ű	fel lép és ű
ad ó s ak	ad ó s ak
meg emlék ez nek	meg emlék ez nek
Nom oz unk	Nom oz unk
imré ről	imré ről
meg idéz zük	meg idéz zük
meg néz het tük	meg néz het tük
miske i	miske i
eseméN ei	eseméN ei
táj a	táj a
élméN ei vel	élméN ei vel
lele	lele
imriskéhez	imriskéhez
Nom á ba	Nom á ba
kalendárium á t	kalendárium á t
be tör és sel	be tör és sel
el tulajdon ít otta	el tulajdon ít otta
hivatal á ban	hivatal á ban
sért ettek	sért ettek
mond ás t	mond ás t
mű tráGá k kal	mű tráGá k kal
ki tol ja	ki tol ja
ki juttat hat unk	ki juttat hat unk
töméN ség é t	töméN ség é t
faG ok kal	faG ok kal
ültet és t	ültet és t
cl _	cl _
cl	cl
ültet és kor	ültet és kor
Círá z ó	Círá z ó
törZ ei	törZ ei
kezel és ként	kezel és ként
rovral_t	rovral_t
amistar_ral	amistar_ral
fanatikus ak	fanatikus ak
es ünk	es ünk
merít ettem	merít ettem
köNv tár ban	köNv tár ban
Serv ez tünk	Serv ez tünk
meg fizet ni	meg fizet ni
tábor ok ban	tábor ok ban
tanul t ak at	tanul t ak at
hall ott ak ra	hall ott ak ra
oda fiGel ünk	oda fiGel ünk
öSS pont os ít ás	öSS pont os ít ás
jóga foglalkoz ás	jóga foglalkoz ás
Naral ás nak	Naral ás nak
Nilatkozat nak	Nilatkozat nak
boríték on	boríték on
réteg ei t	réteg ei t
élet érz és ek et	élet érz és ek et
forduló ból	forduló ból
beáta	beáta
kézilabda	kézilabda
rend ez zük	rend ez zük
kormáN biztos t	kormáN biztos t
kölök	kölök
főnök öm	főnök öm
meg old ania	meg old ania
vállal hat S	vállal hat S
tapaStalat á ra	tapaStalat á ra
férfi ban	férfi ban
problémá juk	problémá juk
munká m ban	munká m ban
kezel és ük	kezel és ük
témá k ról	témá k ról
be kezd és é nek	be kezd és é nek
Serz és t	Serz és t
át ruhá z ás á ból	át ruhá z ás á ból
ad ó kötel es	ad ó kötel es
ad ó hat ó ság nak	ad ó hat ó ság nak
kamat ból	kamat ból
tőke piac i	tőke piac i
be fizet i	be fizet i
ki oSt ott	ki oSt ott
le von ható k	le von ható k
le von ás ok	le von ás ok
fal felület é t	fal felület é t
eho_	eho_
munka bér	munka bér
be fizet nie	be fizet nie
mentesül nek	mentesül nek
kötelezettség ek et	kötelezettség ek et
tulajdon t	tulajdon t
munka ad ó i _	munka ad ó i _
áfa _ fizet és i	áfa _ fizet és i
veSéL ez tet és t	veSéL ez tet és t
trend je	trend je
ki viZgál ás á ra	ki viZgál ás á ra
fel talál ás a	fel talál ás a
alkalm as ság a	alkalm as ság a
tulajdon ság á nak	tulajdon ság á nak
haSnálat ot	haSnálat ot
víz Gűjt ő	víz Gűjt ő
Capadék	Capadék
SabáL oz zák	SabáL oz zák
adaptál ód ik	adaptál ód ik
öko SiStémá t	öko SiStémá t
faktor	faktor
fel Gors ít ja	fel Gors ít ja
talaj ok	talaj ok
emiSSó	emiSSó
fok oz zák	fok oz zák
foto Sintetizál ó	foto Sintetizál ó
recepció já n	recepció já n
vita indító ja	vita indító ja
ki érkez em	ki érkez em
el Nű tt	el Nű tt
utánfutó k ról	utánfutó k ról
ki hal t	ki hal t
eSme fut tat ás t	eSme fut tat ás t
Sombat i	Sombat i
bretter_kör	bretter_kör
rá kéNSerül t	rá kéNSerül t
pempő	pempő
Stár já nak	Stár já nak
biztos _	biztos _
Nom vonal á nak	Nom vonal á nak
ki Sáll ás ra	ki Sáll ás ra
bele akad jon	bele akad jon
vontat ó	vontat ó
táj ban	táj ban
tilalm á t	tilalm á t
riefenstalh	riefenstalh
film ez és	film ez és
Sám ok kal	Sám ok kal
opció val	opció val
fő titkár tól	fő titkár tól
túlórá t	túlórá t
rend őr ség é t	rend őr ség é t
követ nek	követ nek
épület nél	épület nél
ütköz és kor	ütköz és kor
naG üzem ben	naG üzem ben
Sak terület ek en	Sak terület ek en
ép ít és felüGelet i	ép ít és felüGelet i
Galázat os	Galázat os
perc ek et	perc ek et
ki vitel ez és sel	ki vitel ez és sel
Gár a	Gár a
méter t	méter t
keNér re	keNér re
adag	adag
wps_ek	wps_ek
hat odika	hat odika
gond jai ban	gond jai ban
diCér jük	diCér jük
arad on	arad on
meg ütköz tek	meg ütköz tek
világ Sabad ság	világ Sabad ság
jeGzet ei n	jeGzet ei n
méltatlan nak	méltatlan nak
év forduló t	év forduló t
lap oz ta	lap oz ta
zúdul t	zúdul t
ásít ott	ásít ott
kapColó ja	kapColó ja
Só nak	Só nak
tiSt je	tiSt je
por os od om	por os od om
segítség em re	segítség em re
el temet te	el temet te
hit vall ás unk ra	hit vall ás unk ra
erő tlen ül	erő tlen ül
el hibá z ott	el hibá z ott
hid ad at	hid ad at
Sakad tak	Sakad tak
puStul ás t	puStul ás t
tragédiá t	tragédiá t
el hallgat nak	el hallgat nak
Sív ünk kel	Sív ünk kel
fullad t	fullad t
jövő nk et	jövő nk et
viSSa talál t	viSSa talál t
lóg va	lóg va
dörög nek	dörög nek
kaján ul	kaján ul
Zeb é ből	Zeb é ből
bűz é ben	bűz é ben
híz zál	híz zál
darab unk	darab unk
világ Sín pad ra	világ Sín pad ra
meg formál t	meg formál t
sír ó	sír ó
meg áll tad	meg áll tad
maSk	maSk
fok ot	fok ot
zápor ai	zápor ai
Sárad t	Sárad t
kap ás ok	kap ás ok
sok év es	sok év es
köNvel het tek	köNvel het tek
hazá nk on	hazá nk on
be zár ód ás hoz	be zár ód ás hoz
élet feltétel ei re	élet feltétel ei re
reggel re	reggel re
faG	faG
